#
# A fatal error has been detected by the Java Runtime Environment:
#
#  SIGSEGV (0xb) at pc=0x00007f5474a317dd, pid=11312, tid=0x00007f5456c19700
#
# JRE version: Java(TM) SE Runtime Environment (8.0_181-b13) (build 1.8.0_181-b13)
# Java VM: Java HotSpot(TM) 64-Bit Server VM (25.181-b13 mixed mode linux-amd64 compressed oops)
# Problematic frame:
# C  [libc.so.6+0xbb7dd]
#
# Failed to write core dump. Core dumps have been disabled. To enable core dumping, try "ulimit -c unlimited" before starting Java again
#
# If you would like to submit a bug report, please visit:
#   http://bugreport.java.com/bugreport/crash.jsp
# The crash happened outside the Java Virtual Machine in native code.
# See problematic frame for where to report the bug.
#

---------------  T H R E A D  ---------------

Current thread (0x00007f53f4008000):  JavaThread "restartedMain" [_thread_in_native, id=11394, stack(0x00007f5456b19000,0x00007f5456c1a000)]

siginfo: si_signo: 11 (SIGSEGV), si_code: 1 (SEGV_MAPERR), si_addr: 0x00007f54753f2000

Registers:
RAX=0x00007f541021d9b0, RBX=0x000000000000e5b9, RCX=0x00007f541022bf59, RDX=0x000000000000d0e9
RSP=0x00007f5456c15d38, RBP=0x00007f5456c15d90, RSI=0x00007f54753f1fd8, RDI=0x00007f541021ee80
R8 =0xfffffffffffffff0, R9 =0x0000000000000000, R10=0x00007f541022bf69, R11=0x00007f541021d9b0
R12=0x00007f54753f0ada, R13=0x00007f54101267a0, R14=0x0000000000005e19, R15=0x00007f546c0ee3c0
RIP=0x00007f5474a317dd, EFLAGS=0x0000000000010206, CSGSFS=0x002b000000000033, ERR=0x0000000000000004
  TRAPNO=0x000000000000000e

Top of Stack: (sp=0x00007f5456c15d38)
0x00007f5456c15d38:   00007f5472520664 0000000000000000
0x00007f5456c15d48:   140a195400000000 000000000000e5b9
0x00007f5456c15d58:   00000000eda2fa9d 00007f54101267a0
0x00007f5456c15d68:   00007f546c0ee630 00007f540cb4e480
0x00007f5456c15d78:   00007f546c0ee3c0 000000002f026769
0x00007f5456c15d88:   0000000000000016 00007f5456c15df0
0x00007f5456c15d98:   00007f5472520c3f 00007f53f4008000
0x00007f5456c15da8:   01007f5474393272 00007f5456c15e10
0x00007f5456c15db8:   00007f5456c15e27 00007f5456c15e25
0x00007f5456c15dc8:   00007f5456c15e10 0000000000000016
0x00007f5456c15dd8:   00007f53f40081f8 00007f5456c16268
0x00007f5456c15de8:   0000000000000001 00007f5456c16250
0x00007f5456c15df8:   00007f5472511e90 00007f5456c15e50
0x00007f5456c15e08:   00007f546c0ee3c0 702f766f672f7262
0x00007f5456c15e18:   7065646f72702f61 00002f6561702f61
0x00007f5456c15e28:   00007f545d047c60 00007f545d047c60
0x00007f5456c15e38:   00007f54240120c0 00007f546c00bd60
0x00007f5456c15e48:   0000000000000000 00007f5456c15e90
0x00007f5456c15e58:   00007f5473fa5e9e 00007f54102a15d0
0x00007f5456c15e68:   00007f54240120c0 00007f5456c16c10
0x00007f5456c15e78:   00007f546c00bd60 0000000000000000
0x00007f5456c15e88:   00007f53f4008000 00007f5456c15ef0
0x00007f5456c15e98:   00007f5473e28923 00007f5456c16c10
0x00007f5456c15ea8:   00007f54240120c0 00007f545d1cb164
0x00007f5456c15eb8:   00007f545d1cae90 00007f5456c15ef0
0x00007f5456c15ec8:   00007f54240120c0 00007f5456c16bf0
0x00007f5456c15ed8:   00007f54240120c0 00007f5456c16bf0
0x00007f5456c15ee8:   00007f546c00bd60 00007f5456c16cb0
0x00007f5456c15ef8:   00007f54743419e9 00007f5456c16b40
0x00007f5456c15f08:   00007f5456c16c60 00007f53f4008000
0x00007f5456c15f18:   01007f5410030ad8 00007f5456c16d00
0x00007f5456c15f28:   00007f545d1cae90 00007f54240120b0 

Instructions: (pc=0x00007f5474a317dd)
0x00007f5474a317bd:   14 17 4c 39 d6 0f 82 27 ff ff ff 0f 18 8e 80 00
0x00007f5474a317cd:   00 00 0f 18 8e c0 00 00 00 0f 10 06 0f 10 4e 10
0x00007f5474a317dd:   0f 10 56 20 0f 10 5e 30 48 83 c6 40 48 83 ea 40
0x00007f5474a317ed:   66 0f e7 07 66 0f e7 4f 10 66 0f e7 57 20 66 0f 

Register to memory mapping:

RAX=0x00007f541021d9b0 is an unknown value
RBX=0x000000000000e5b9 is an unknown value
RCX=0x00007f541022bf59 is an unknown value
RDX=0x000000000000d0e9 is an unknown value
RSP=0x00007f5456c15d38 is pointing into the stack for thread: 0x00007f53f4008000
RBP=0x00007f5456c15d90 is pointing into the stack for thread: 0x00007f53f4008000
RSI=0x00007f54753f1fd8 is an unknown value
RDI=0x00007f541021ee80 is an unknown value
R8 =0xfffffffffffffff0 is an unknown value
R9 =0x0000000000000000 is an unknown value
R10=0x00007f541022bf69 is an unknown value
R11=0x00007f541021d9b0 is an unknown value
R12=0x00007f54753f0ada is an unknown value
R13=0x00007f54101267a0 is an unknown value
R14=0x0000000000005e19 is an unknown value
R15=0x00007f546c0ee3c0 is an unknown value


Stack: [0x00007f5456b19000,0x00007f5456c1a000],  sp=0x00007f5456c15d38,  free space=1011k
Native frames: (J=compiled Java code, j=interpreted, Vv=VM code, C=native code)
C  [libc.so.6+0xbb7dd]
C  [libzip.so+0x12c3f]  ZIP_GetEntry2+0xff
C  [libzip.so+0x3e90]  Java_java_util_zip_ZipFile_getEntry+0xf0
J 98  java.util.zip.ZipFile.getEntry(J[BZ)J (0 bytes) @ 0x00007f545d129dce [0x00007f545d129d00+0xce]
J 95 C1 java.util.zip.ZipFile.getEntry(Ljava/lang/String;)Ljava/util/zip/ZipEntry; (101 bytes) @ 0x00007f545d129594 [0x00007f545d129440+0x154]
J 411 C1 java.util.jar.JarFile.getEntry(Ljava/lang/String;)Ljava/util/zip/ZipEntry; (22 bytes) @ 0x00007f545d1a7d3c [0x00007f545d1a7d00+0x3c]
J 410 C1 sun.misc.URLClassPath$JarLoader.getResource(Ljava/lang/String;Z)Lsun/misc/Resource; (85 bytes) @ 0x00007f545d1a71e4 [0x00007f545d1a7120+0xc4]
J 163 C1 sun.misc.URLClassPath$JarLoader.findResource(Ljava/lang/String;Z)Ljava/net/URL; (18 bytes) @ 0x00007f545d144a34 [0x00007f545d144a00+0x34]
J 1167 C1 sun.misc.URLClassPath$1.next()Z (63 bytes) @ 0x00007f545d2bdaac [0x00007f545d2bda40+0x6c]
j  sun.misc.URLClassPath$1.hasMoreElements()Z+1
J 3117 C1 java.net.URLClassLoader$3$1.run()Ljava/lang/Object; (5 bytes) @ 0x00007f545d62a754 [0x00007f545d62a700+0x54]
v  ~StubRoutines::call_stub
V  [libjvm.so+0x697a76]  JavaCalls::call_helper(JavaValue*, methodHandle*, JavaCallArguments*, Thread*)+0x1056
V  [libjvm.so+0x73107c]  JVM_DoPrivileged+0x27c
J 971  java.security.AccessController.doPrivileged(Ljava/security/PrivilegedAction;Ljava/security/AccessControlContext;)Ljava/lang/Object; (0 bytes) @ 0x00007f545d274395 [0x00007f545d2742c0+0xd5]
J 2577 C1 java.net.URLClassLoader$3.next()Z (73 bytes) @ 0x00007f545d51cd2c [0x00007f545d51cbe0+0x14c]
J 3120 C1 java.net.URLClassLoader$3.hasMoreElements()Z (5 bytes) @ 0x00007f545d62bd74 [0x00007f545d62bd40+0x34]
J 3119 C1 sun.misc.CompoundEnumeration.next()Z (58 bytes) @ 0x00007f545d62b9c4 [0x00007f545d62b940+0x84]
J 3116 C1 sun.misc.CompoundEnumeration.hasMoreElements()Z (5 bytes) @ 0x00007f545d62a434 [0x00007f545d62a400+0x34]
j  org.springframework.core.io.support.PathMatchingResourcePatternResolver.doFindAllClassPathResources(Ljava/lang/String;)Ljava/util/Set;+35
j  org.springframework.core.io.support.PathMatchingResourcePatternResolver.findAllClassPathResources(Ljava/lang/String;)[Lorg/springframework/core/io/Resource;+19
j  org.springframework.core.io.support.PathMatchingResourcePatternResolver.getResources(Ljava/lang/String;)[Lorg/springframework/core/io/Resource;+52
j  org.springframework.core.io.support.PathMatchingResourcePatternResolver.findPathMatchingResources(Ljava/lang/String;)[Lorg/springframework/core/io/Resource;+17
j  org.springframework.core.io.support.PathMatchingResourcePatternResolver.getResources(Ljava/lang/String;)[Lorg/springframework/core/io/Resource;+38
j  org.springframework.boot.devtools.restart.ClassLoaderFilesResourcePatternResolver.getResources(Ljava/lang/String;)[Lorg/springframework/core/io/Resource;+13
j  org.springframework.context.support.GenericApplicationContext.getResources(Ljava/lang/String;)[Lorg/springframework/core/io/Resource;+18
j  org.springframework.context.annotation.ClassPathScanningCandidateComponentProvider.scanCandidateComponents(Ljava/lang/String;)Ljava/util/Set;+49
j  org.springframework.context.annotation.ClassPathScanningCandidateComponentProvider.findCandidateComponents(Ljava/lang/String;)Ljava/util/Set;+26
j  org.springframework.context.annotation.ClassPathBeanDefinitionScanner.doScan([Ljava/lang/String;)Ljava/util/Set;+39
j  org.springframework.context.annotation.ComponentScanAnnotationParser.parse(Lorg/springframework/core/annotation/AnnotationAttributes;Ljava/lang/String;)Ljava/util/Set;+478
j  org.springframework.context.annotation.ConfigurationClassParser.doProcessConfigurationClass(Lorg/springframework/context/annotation/ConfigurationClass;Lorg/springframework/context/annotation/ConfigurationClassParser$SourceClass;Ljava/util/function/Predicate;)Lorg/springframework/context/annotation/ConfigurationClassParser$SourceClass;+213
j  org.springframework.context.annotation.ConfigurationClassParser.processConfigurationClass(Lorg/springframework/context/annotation/ConfigurationClass;Ljava/util/function/Predicate;)V+106
j  org.springframework.context.annotation.ConfigurationClassParser.parse(Lorg/springframework/core/type/AnnotationMetadata;Ljava/lang/String;)V+13
j  org.springframework.context.annotation.ConfigurationClassParser.parse(Ljava/util/Set;)V+55
j  org.springframework.context.annotation.ConfigurationClassPostProcessor.processConfigBeanDefinitions(Lorg/springframework/beans/factory/support/BeanDefinitionRegistry;)V+295
j  org.springframework.context.annotation.ConfigurationClassPostProcessor.postProcessBeanDefinitionRegistry(Lorg/springframework/beans/factory/support/BeanDefinitionRegistry;)V+107
j  org.springframework.context.support.PostProcessorRegistrationDelegate.invokeBeanDefinitionRegistryPostProcessors(Ljava/util/Collection;Lorg/springframework/beans/factory/support/BeanDefinitionRegistry;)V+28
j  org.springframework.context.support.PostProcessorRegistrationDelegate.invokeBeanFactoryPostProcessors(Lorg/springframework/beans/factory/config/ConfigurableListableBeanFactory;Ljava/util/List;)V+229
j  org.springframework.context.support.AbstractApplicationContext.invokeBeanFactoryPostProcessors(Lorg/springframework/beans/factory/config/ConfigurableListableBeanFactory;)V+5
j  org.springframework.context.support.AbstractApplicationContext.refresh()V+28
j  org.springframework.boot.web.servlet.context.ServletWebServerApplicationContext.refresh()V+1
j  org.springframework.boot.SpringApplication.refresh(Lorg/springframework/context/ApplicationContext;)V+10
j  org.springframework.boot.SpringApplication.refreshContext(Lorg/springframework/context/ConfigurableApplicationContext;)V+2
j  org.springframework.boot.SpringApplication.run([Ljava/lang/String;)Lorg/springframework/context/ConfigurableApplicationContext;+118
j  org.springframework.boot.SpringApplication.run([Ljava/lang/Class;[Ljava/lang/String;)Lorg/springframework/context/ConfigurableApplicationContext;+9
j  org.springframework.boot.SpringApplication.run(Ljava/lang/Class;[Ljava/lang/String;)Lorg/springframework/context/ConfigurableApplicationContext;+9
j  br.gov.pa.prodepa.pae.PaeDocumentoApp.main([Ljava/lang/String;)V+3
v  ~StubRoutines::call_stub
V  [libjvm.so+0x697a76]  JavaCalls::call_helper(JavaValue*, methodHandle*, JavaCallArguments*, Thread*)+0x1056
V  [libjvm.so+0x9a6737]  Reflection::invoke(instanceKlassHandle, methodHandle, Handle, bool, objArrayHandle, BasicType, objArrayHandle, bool, Thread*)+0x5d7
V  [libjvm.so+0x9a9e47]  Reflection::invoke_method(oopDesc*, Handle, objArrayHandle, Thread*)+0x147
V  [libjvm.so+0x729c7b]  JVM_InvokeMethod+0x26b
J 1885  sun.reflect.NativeMethodAccessorImpl.invoke0(Ljava/lang/reflect/Method;Ljava/lang/Object;[Ljava/lang/Object;)Ljava/lang/Object; (0 bytes) @ 0x00007f545d3d54ad [0x00007f545d3d53c0+0xed]
J 1884 C1 sun.reflect.NativeMethodAccessorImpl.invoke(Ljava/lang/Object;[Ljava/lang/Object;)Ljava/lang/Object; (104 bytes) @ 0x00007f545d3d5b8c [0x00007f545d3d57e0+0x3ac]
J 1605 C1 sun.reflect.DelegatingMethodAccessorImpl.invoke(Ljava/lang/Object;[Ljava/lang/Object;)Ljava/lang/Object; (10 bytes) @ 0x00007f545d36a704 [0x00007f545d36a6c0+0x44]
J 1604 C1 java.lang.reflect.Method.invoke(Ljava/lang/Object;[Ljava/lang/Object;)Ljava/lang/Object; (62 bytes) @ 0x00007f545d36a2e4 [0x00007f545d36a1e0+0x104]
j  org.springframework.boot.devtools.restart.RestartLauncher.run()V+41
v  ~StubRoutines::call_stub
V  [libjvm.so+0x697a76]  JavaCalls::call_helper(JavaValue*, methodHandle*, JavaCallArguments*, Thread*)+0x1056
V  [libjvm.so+0x697f81]  JavaCalls::call_virtual(JavaValue*, KlassHandle, Symbol*, Symbol*, JavaCallArguments*, Thread*)+0x321
V  [libjvm.so+0x698427]  JavaCalls::call_virtual(JavaValue*, Handle, KlassHandle, Symbol*, Symbol*, Thread*)+0x47
V  [libjvm.so+0x71789e]  thread_entry(JavaThread*, Thread*)+0x7e
V  [libjvm.so+0xa813f3]  JavaThread::thread_main_inner()+0x103
V  [libjvm.so+0xa8153c]  JavaThread::run()+0x11c
V  [libjvm.so+0x930198]  java_start(Thread*)+0x108
C  [libpthread.so.0+0x76db]  start_thread+0xdb

Java frames: (J=compiled Java code, j=interpreted, Vv=VM code)
J 98  java.util.zip.ZipFile.getEntry(J[BZ)J (0 bytes) @ 0x00007f545d129d58 [0x00007f545d129d00+0x58]
J 95 C1 java.util.zip.ZipFile.getEntry(Ljava/lang/String;)Ljava/util/zip/ZipEntry; (101 bytes) @ 0x00007f545d129594 [0x00007f545d129440+0x154]
J 411 C1 java.util.jar.JarFile.getEntry(Ljava/lang/String;)Ljava/util/zip/ZipEntry; (22 bytes) @ 0x00007f545d1a7d3c [0x00007f545d1a7d00+0x3c]
J 410 C1 sun.misc.URLClassPath$JarLoader.getResource(Ljava/lang/String;Z)Lsun/misc/Resource; (85 bytes) @ 0x00007f545d1a71e4 [0x00007f545d1a7120+0xc4]
J 163 C1 sun.misc.URLClassPath$JarLoader.findResource(Ljava/lang/String;Z)Ljava/net/URL; (18 bytes) @ 0x00007f545d144a34 [0x00007f545d144a00+0x34]
J 1167 C1 sun.misc.URLClassPath$1.next()Z (63 bytes) @ 0x00007f545d2bdaac [0x00007f545d2bda40+0x6c]
j  sun.misc.URLClassPath$1.hasMoreElements()Z+1
J 3117 C1 java.net.URLClassLoader$3$1.run()Ljava/lang/Object; (5 bytes) @ 0x00007f545d62a754 [0x00007f545d62a700+0x54]
v  ~StubRoutines::call_stub
J 971  java.security.AccessController.doPrivileged(Ljava/security/PrivilegedAction;Ljava/security/AccessControlContext;)Ljava/lang/Object; (0 bytes) @ 0x00007f545d274323 [0x00007f545d2742c0+0x63]
J 2577 C1 java.net.URLClassLoader$3.next()Z (73 bytes) @ 0x00007f545d51cd2c [0x00007f545d51cbe0+0x14c]
J 3120 C1 java.net.URLClassLoader$3.hasMoreElements()Z (5 bytes) @ 0x00007f545d62bd74 [0x00007f545d62bd40+0x34]
J 3119 C1 sun.misc.CompoundEnumeration.next()Z (58 bytes) @ 0x00007f545d62b9c4 [0x00007f545d62b940+0x84]
J 3116 C1 sun.misc.CompoundEnumeration.hasMoreElements()Z (5 bytes) @ 0x00007f545d62a434 [0x00007f545d62a400+0x34]
j  org.springframework.core.io.support.PathMatchingResourcePatternResolver.doFindAllClassPathResources(Ljava/lang/String;)Ljava/util/Set;+35
j  org.springframework.core.io.support.PathMatchingResourcePatternResolver.findAllClassPathResources(Ljava/lang/String;)[Lorg/springframework/core/io/Resource;+19
j  org.springframework.core.io.support.PathMatchingResourcePatternResolver.getResources(Ljava/lang/String;)[Lorg/springframework/core/io/Resource;+52
j  org.springframework.core.io.support.PathMatchingResourcePatternResolver.findPathMatchingResources(Ljava/lang/String;)[Lorg/springframework/core/io/Resource;+17
j  org.springframework.core.io.support.PathMatchingResourcePatternResolver.getResources(Ljava/lang/String;)[Lorg/springframework/core/io/Resource;+38
j  org.springframework.boot.devtools.restart.ClassLoaderFilesResourcePatternResolver.getResources(Ljava/lang/String;)[Lorg/springframework/core/io/Resource;+13
j  org.springframework.context.support.GenericApplicationContext.getResources(Ljava/lang/String;)[Lorg/springframework/core/io/Resource;+18
j  org.springframework.context.annotation.ClassPathScanningCandidateComponentProvider.scanCandidateComponents(Ljava/lang/String;)Ljava/util/Set;+49
j  org.springframework.context.annotation.ClassPathScanningCandidateComponentProvider.findCandidateComponents(Ljava/lang/String;)Ljava/util/Set;+26
j  org.springframework.context.annotation.ClassPathBeanDefinitionScanner.doScan([Ljava/lang/String;)Ljava/util/Set;+39
j  org.springframework.context.annotation.ComponentScanAnnotationParser.parse(Lorg/springframework/core/annotation/AnnotationAttributes;Ljava/lang/String;)Ljava/util/Set;+478
j  org.springframework.context.annotation.ConfigurationClassParser.doProcessConfigurationClass(Lorg/springframework/context/annotation/ConfigurationClass;Lorg/springframework/context/annotation/ConfigurationClassParser$SourceClass;Ljava/util/function/Predicate;)Lorg/springframework/context/annotation/ConfigurationClassParser$SourceClass;+213
j  org.springframework.context.annotation.ConfigurationClassParser.processConfigurationClass(Lorg/springframework/context/annotation/ConfigurationClass;Ljava/util/function/Predicate;)V+106
j  org.springframework.context.annotation.ConfigurationClassParser.parse(Lorg/springframework/core/type/AnnotationMetadata;Ljava/lang/String;)V+13
j  org.springframework.context.annotation.ConfigurationClassParser.parse(Ljava/util/Set;)V+55
j  org.springframework.context.annotation.ConfigurationClassPostProcessor.processConfigBeanDefinitions(Lorg/springframework/beans/factory/support/BeanDefinitionRegistry;)V+295
j  org.springframework.context.annotation.ConfigurationClassPostProcessor.postProcessBeanDefinitionRegistry(Lorg/springframework/beans/factory/support/BeanDefinitionRegistry;)V+107
j  org.springframework.context.support.PostProcessorRegistrationDelegate.invokeBeanDefinitionRegistryPostProcessors(Ljava/util/Collection;Lorg/springframework/beans/factory/support/BeanDefinitionRegistry;)V+28
j  org.springframework.context.support.PostProcessorRegistrationDelegate.invokeBeanFactoryPostProcessors(Lorg/springframework/beans/factory/config/ConfigurableListableBeanFactory;Ljava/util/List;)V+229
j  org.springframework.context.support.AbstractApplicationContext.invokeBeanFactoryPostProcessors(Lorg/springframework/beans/factory/config/ConfigurableListableBeanFactory;)V+5
j  org.springframework.context.support.AbstractApplicationContext.refresh()V+28
j  org.springframework.boot.web.servlet.context.ServletWebServerApplicationContext.refresh()V+1
j  org.springframework.boot.SpringApplication.refresh(Lorg/springframework/context/ApplicationContext;)V+10
j  org.springframework.boot.SpringApplication.refreshContext(Lorg/springframework/context/ConfigurableApplicationContext;)V+2
j  org.springframework.boot.SpringApplication.run([Ljava/lang/String;)Lorg/springframework/context/ConfigurableApplicationContext;+118
j  org.springframework.boot.SpringApplication.run([Ljava/lang/Class;[Ljava/lang/String;)Lorg/springframework/context/ConfigurableApplicationContext;+9
j  org.springframework.boot.SpringApplication.run(Ljava/lang/Class;[Ljava/lang/String;)Lorg/springframework/context/ConfigurableApplicationContext;+9
j  br.gov.pa.prodepa.pae.PaeDocumentoApp.main([Ljava/lang/String;)V+3
v  ~StubRoutines::call_stub
J 1885  sun.reflect.NativeMethodAccessorImpl.invoke0(Ljava/lang/reflect/Method;Ljava/lang/Object;[Ljava/lang/Object;)Ljava/lang/Object; (0 bytes) @ 0x00007f545d3d5437 [0x00007f545d3d53c0+0x77]
J 1884 C1 sun.reflect.NativeMethodAccessorImpl.invoke(Ljava/lang/Object;[Ljava/lang/Object;)Ljava/lang/Object; (104 bytes) @ 0x00007f545d3d5b8c [0x00007f545d3d57e0+0x3ac]
J 1605 C1 sun.reflect.DelegatingMethodAccessorImpl.invoke(Ljava/lang/Object;[Ljava/lang/Object;)Ljava/lang/Object; (10 bytes) @ 0x00007f545d36a704 [0x00007f545d36a6c0+0x44]
J 1604 C1 java.lang.reflect.Method.invoke(Ljava/lang/Object;[Ljava/lang/Object;)Ljava/lang/Object; (62 bytes) @ 0x00007f545d36a2e4 [0x00007f545d36a1e0+0x104]
j  org.springframework.boot.devtools.restart.RestartLauncher.run()V+41
v  ~StubRoutines::call_stub

---------------  P R O C E S S  ---------------

Java Threads: ( => current thread )
=>0x00007f53f4008000 JavaThread "restartedMain" [_thread_in_native, id=11394, stack(0x00007f5456b19000,0x00007f5456c1a000)]
  0x00007f53f8003000 JavaThread "Thread-7" [_thread_blocked, id=11391, stack(0x00007f54544a3000,0x00007f54545a4000)]
  0x00007f546c5c9000 JavaThread "DestroyJavaVM" [_thread_blocked, id=11313, stack(0x00007f54754d5000,0x00007f54755d5000)]
  0x00007f540cf48000 JavaThread "Live Reload Server" daemon [_thread_in_native, id=11340, stack(0x00007f544c4fc000,0x00007f544c5fd000)]
  0x00007f546c0d8800 JavaThread "Service Thread" daemon [_thread_blocked, id=11326, stack(0x00007f5457311000,0x00007f5457412000)]
  0x00007f546c0c3000 JavaThread "C1 CompilerThread2" daemon [_thread_blocked, id=11325, stack(0x00007f5457413000,0x00007f5457513000)]
  0x00007f546c0c1800 JavaThread "C2 CompilerThread1" daemon [_thread_blocked, id=11324, stack(0x00007f5457514000,0x00007f5457614000)]
  0x00007f546c0be800 JavaThread "C2 CompilerThread0" daemon [_thread_blocked, id=11323, stack(0x00007f5457615000,0x00007f5457715000)]
  0x00007f546c0bd000 JavaThread "Signal Dispatcher" daemon [_thread_blocked, id=11322, stack(0x00007f5457715000,0x00007f5457816000)]
  0x00007f546c089000 JavaThread "Finalizer" daemon [_thread_blocked, id=11321, stack(0x00007f5457afb000,0x00007f5457bfc000)]
  0x00007f546c086800 JavaThread "Reference Handler" daemon [_thread_blocked, id=11320, stack(0x00007f5457bfc000,0x00007f5457cfd000)]

Other Threads:
  0x00007f546c07d000 VMThread [stack: 0x00007f5457cfe000,0x00007f5457dfe000] [id=11319]
  0x00007f546c0dd800 WatcherThread [stack: 0x00007f5457211000,0x00007f5457311000] [id=11327]

VM state:not at safepoint (normal execution)

VM Mutex/Monitor currently owned by a thread: None

Heap:
 PSYoungGen      total 434176K, used 18059K [0x000000076d200000, 0x000000078b080000, 0x00000007c0000000)
  eden space 416768K, 4% used [0x000000076d200000,0x000000076e3a2ff8,0x0000000786900000)
  from space 17408K, 0% used [0x0000000789f80000,0x0000000789f80000,0x000000078b080000)
  to   space 21504K, 0% used [0x0000000788680000,0x0000000788680000,0x0000000789b80000)
 ParOldGen       total 135168K, used 27312K [0x00000006c7600000, 0x00000006cfa00000, 0x000000076d200000)
  object space 135168K, 20% used [0x00000006c7600000,0x00000006c90ac1a8,0x00000006cfa00000)
 Metaspace       used 47445K, capacity 50176K, committed 50304K, reserved 1091584K
  class space    used 6718K, capacity 7262K, committed 7296K, reserved 1048576K

Card table byte_map: [0x00007f5471988000,0x00007f547214e000] byte_map_base: 0x00007f546e34d000

Marking Bits: (ParMarkBitMap*) 0x00007f54749420a0
 Begin Bits: [0x00007f54383b0000, 0x00007f543c1d8000)
 End Bits:   [0x00007f543c1d8000, 0x00007f5440000000)

Polling page: 0x00007f54754d3000

CodeCache: size=245760Kb used=7677Kb max_used=7760Kb free=238082Kb
 bounds [0x00007f545d000000, 0x00007f545d7a0000, 0x00007f546c000000]
 total_blobs=4556 nmethods=4049 adapters=420
 compilation: enabled

Compilation events (10 events):
Event: 93,392 Thread 0x00007f546c0c3000 4084       1       org.springframework.boot.logging.DeferredLog$Line::getMessage (5 bytes)
Event: 93,392 Thread 0x00007f546c0c3000 nmethod 4084 0x00007f545d257b50 code [0x00007f545d257ca0, 0x00007f545d257db0]
Event: 93,392 Thread 0x00007f546c0c3000 4085       1       org.springframework.boot.logging.DeferredLog$Line::getThrowable (5 bytes)
Event: 93,392 Thread 0x00007f546c0c3000 nmethod 4085 0x00007f545d283590 code [0x00007f545d2836e0, 0x00007f545d2837f0]
Event: 93,392 Thread 0x00007f546c0c3000 4086       1       org.springframework.boot.web.servlet.context.WebApplicationContextServletContextAwareProcessor::getServletConfig (23 bytes)
Event: 93,393 Thread 0x00007f546c0c3000 nmethod 4086 0x00007f545d21c450 code [0x00007f545d21c5c0, 0x00007f545d21c728]
Event: 93,393 Thread 0x00007f546c0c3000 4087       1       org.springframework.core.annotation.TypeMappedAnnotations::isPresent (39 bytes)
Event: 93,393 Thread 0x00007f546c0c3000 nmethod 4087 0x00007f545d223c90 code [0x00007f545d223e20, 0x00007f545d2240a8]
Event: 93,394 Thread 0x00007f546c0c3000 4088       1       sun.misc.URLClassPath$1::hasMoreElements (5 bytes)
Event: 93,394 Thread 0x00007f546c0c3000 nmethod 4088 0x00007f545d245950 code [0x00007f545d245ac0, 0x00007f545d245be8]

GC Heap History (10 events):
Event: 2,068 GC heap before
{Heap before GC invocations=5 (full 1):
 PSYoungGen      total 268288K, used 6231K [0x000000076d200000, 0x000000077e200000, 0x00000007c0000000)
  eden space 258048K, 0% used [0x000000076d200000,0x000000076d200000,0x000000077ce00000)
  from space 10240K, 60% used [0x000000077d800000,0x000000077de15e28,0x000000077e200000)
  to   space 10240K, 0% used [0x000000077ce00000,0x000000077ce00000,0x000000077d800000)
 ParOldGen       total 171008K, used 1530K [0x00000006c7600000, 0x00000006d1d00000, 0x000000076d200000)
  object space 171008K, 0% used [0x00000006c7600000,0x00000006c777eb48,0x00000006d1d00000)
 Metaspace       used 20210K, capacity 21090K, committed 21248K, reserved 1067008K
  class space    used 2729K, capacity 2948K, committed 3072K, reserved 1048576K
Event: 2,107 GC heap after
Heap after GC invocations=5 (full 1):
 PSYoungGen      total 268288K, used 0K [0x000000076d200000, 0x000000077e200000, 0x00000007c0000000)
  eden space 258048K, 0% used [0x000000076d200000,0x000000076d200000,0x000000077ce00000)
  from space 10240K, 0% used [0x000000077d800000,0x000000077d800000,0x000000077e200000)
  to   space 10240K, 0% used [0x000000077ce00000,0x000000077ce00000,0x000000077d800000)
 ParOldGen       total 85504K, used 6136K [0x00000006c7600000, 0x00000006cc980000, 0x000000076d200000)
  object space 85504K, 7% used [0x00000006c7600000,0x00000006c7bfe100,0x00000006cc980000)
 Metaspace       used 20208K, capacity 21084K, committed 21248K, reserved 1067008K
  class space    used 2728K, capacity 2947K, committed 3072K, reserved 1048576K
}
Event: 3,814 GC heap before
{Heap before GC invocations=6 (full 1):
 PSYoungGen      total 268288K, used 211604K [0x000000076d200000, 0x000000077e200000, 0x00000007c0000000)
  eden space 258048K, 82% used [0x000000076d200000,0x000000077a0a5130,0x000000077ce00000)
  from space 10240K, 0% used [0x000000077d800000,0x000000077d800000,0x000000077e200000)
  to   space 10240K, 0% used [0x000000077ce00000,0x000000077ce00000,0x000000077d800000)
 ParOldGen       total 85504K, used 6136K [0x00000006c7600000, 0x00000006cc980000, 0x000000076d200000)
  object space 85504K, 7% used [0x00000006c7600000,0x00000006c7bfe100,0x00000006cc980000)
 Metaspace       used 33524K, capacity 35306K, committed 35416K, reserved 1079296K
  class space    used 4486K, capacity 4832K, committed 4864K, reserved 1048576K
Event: 3,838 GC heap after
Heap after GC invocations=6 (full 1):
 PSYoungGen      total 268288K, used 10229K [0x000000076d200000, 0x000000078b180000, 0x00000007c0000000)
  eden space 258048K, 0% used [0x000000076d200000,0x000000076d200000,0x000000077ce00000)
  from space 10240K, 99% used [0x000000077ce00000,0x000000077d7fd5f0,0x000000077d800000)
  to   space 18432K, 0% used [0x0000000789f80000,0x0000000789f80000,0x000000078b180000)
 ParOldGen       total 85504K, used 12575K [0x00000006c7600000, 0x00000006cc980000, 0x000000076d200000)
  object space 85504K, 14% used [0x00000006c7600000,0x00000006c8247d28,0x00000006cc980000)
 Metaspace       used 33524K, capacity 35306K, committed 35416K, reserved 1079296K
  class space    used 4486K, capacity 4832K, committed 4864K, reserved 1048576K
}
Event: 3,838 GC heap before
{Heap before GC invocations=7 (full 2):
 PSYoungGen      total 268288K, used 10229K [0x000000076d200000, 0x000000078b180000, 0x00000007c0000000)
  eden space 258048K, 0% used [0x000000076d200000,0x000000076d200000,0x000000077ce00000)
  from space 10240K, 99% used [0x000000077ce00000,0x000000077d7fd5f0,0x000000077d800000)
  to   space 18432K, 0% used [0x0000000789f80000,0x0000000789f80000,0x000000078b180000)
 ParOldGen       total 85504K, used 12575K [0x00000006c7600000, 0x00000006cc980000, 0x000000076d200000)
  object space 85504K, 14% used [0x00000006c7600000,0x00000006c8247d28,0x00000006cc980000)
 Metaspace       used 33524K, capacity 35306K, committed 35416K, reserved 1079296K
  class space    used 4486K, capacity 4832K, committed 4864K, reserved 1048576K
Event: 3,939 GC heap after
Heap after GC invocations=7 (full 2):
 PSYoungGen      total 268288K, used 0K [0x000000076d200000, 0x000000078b180000, 0x00000007c0000000)
  eden space 258048K, 0% used [0x000000076d200000,0x000000076d200000,0x000000077ce00000)
  from space 10240K, 0% used [0x000000077ce00000,0x000000077ce00000,0x000000077d800000)
  to   space 18432K, 0% used [0x0000000789f80000,0x0000000789f80000,0x000000078b180000)
 ParOldGen       total 135168K, used 21798K [0x00000006c7600000, 0x00000006cfa00000, 0x000000076d200000)
  object space 135168K, 16% used [0x00000006c7600000,0x00000006c8b499e0,0x00000006cfa00000)
 Metaspace       used 33524K, capacity 35306K, committed 35416K, reserved 1079296K
  class space    used 4486K, capacity 4832K, committed 4864K, reserved 1048576K
}
Event: 93,212 GC heap before
{Heap before GC invocations=8 (full 2):
 PSYoungGen      total 268288K, used 204876K [0x000000076d200000, 0x000000078b180000, 0x00000007c0000000)
  eden space 258048K, 79% used [0x000000076d200000,0x0000000779a13230,0x000000077ce00000)
  from space 10240K, 0% used [0x000000077ce00000,0x000000077ce00000,0x000000077d800000)
  to   space 18432K, 0% used [0x0000000789f80000,0x0000000789f80000,0x000000078b180000)
 ParOldGen       total 135168K, used 21798K [0x00000006c7600000, 0x00000006cfa00000, 0x000000076d200000)
  object space 135168K, 16% used [0x00000006c7600000,0x00000006c8b499e0,0x00000006cfa00000)
 Metaspace       used 47421K, capacity 50154K, committed 50304K, reserved 1091584K
  class space    used 6715K, capacity 7258K, committed 7296K, reserved 1048576K
Event: 93,237 GC heap after
Heap after GC invocations=8 (full 2):
 PSYoungGen      total 434176K, used 17403K [0x000000076d200000, 0x000000078b080000, 0x00000007c0000000)
  eden space 416768K, 0% used [0x000000076d200000,0x000000076d200000,0x0000000786900000)
  from space 17408K, 99% used [0x0000000789f80000,0x000000078b07efa0,0x000000078b080000)
  to   space 21504K, 0% used [0x0000000788680000,0x0000000788680000,0x0000000789b80000)
 ParOldGen       total 135168K, used 21806K [0x00000006c7600000, 0x00000006cfa00000, 0x000000076d200000)
  object space 135168K, 16% used [0x00000006c7600000,0x00000006c8b4b9e0,0x00000006cfa00000)
 Metaspace       used 47421K, capacity 50154K, committed 50304K, reserved 1091584K
  class space    used 6715K, capacity 7258K, committed 7296K, reserved 1048576K
}
Event: 93,237 GC heap before
{Heap before GC invocations=9 (full 3):
 PSYoungGen      total 434176K, used 17403K [0x000000076d200000, 0x000000078b080000, 0x00000007c0000000)
  eden space 416768K, 0% used [0x000000076d200000,0x000000076d200000,0x0000000786900000)
  from space 17408K, 99% used [0x0000000789f80000,0x000000078b07efa0,0x000000078b080000)
  to   space 21504K, 0% used [0x0000000788680000,0x0000000788680000,0x0000000789b80000)
 ParOldGen       total 135168K, used 21806K [0x00000006c7600000, 0x00000006cfa00000, 0x000000076d200000)
  object space 135168K, 16% used [0x00000006c7600000,0x00000006c8b4b9e0,0x00000006cfa00000)
 Metaspace       used 47421K, capacity 50154K, committed 50304K, reserved 1091584K
  class space    used 6715K, capacity 7258K, committed 7296K, reserved 1048576K
Event: 93,341 GC heap after
Heap after GC invocations=9 (full 3):
 PSYoungGen      total 434176K, used 0K [0x000000076d200000, 0x000000078b080000, 0x00000007c0000000)
  eden space 416768K, 0% used [0x000000076d200000,0x000000076d200000,0x0000000786900000)
  from space 17408K, 0% used [0x0000000789f80000,0x0000000789f80000,0x000000078b080000)
  to   space 21504K, 0% used [0x0000000788680000,0x0000000788680000,0x0000000789b80000)
 ParOldGen       total 135168K, used 27312K [0x00000006c7600000, 0x00000006cfa00000, 0x000000076d200000)
  object space 135168K, 20% used [0x00000006c7600000,0x00000006c90ac1a8,0x00000006cfa00000)
 Metaspace       used 47421K, capacity 50154K, committed 50304K, reserved 1091584K
  class space    used 6715K, capacity 7258K, committed 7296K, reserved 1048576K
}

Deoptimization events (0 events):
No events

Classes redefined (0 events):
No events

Internal exceptions (10 events):
Event: 93,383 Thread 0x00007f53f4008000 Exception <a 'java/io/IOException'> (0x000000076e1eab98) thrown at [/HUDSON/workspace/8-2-build-linux-amd64/jdk8u181/11358/hotspot/src/share/vm/prims/jni.cpp, line 709]
Event: 93,383 Thread 0x00007f53f4008000 Exception <a 'java/io/IOException'> (0x000000076e1eb1e0) thrown at [/HUDSON/workspace/8-2-build-linux-amd64/jdk8u181/11358/hotspot/src/share/vm/prims/jni.cpp, line 709]
Event: 93,383 Thread 0x00007f53f4008000 Exception <a 'java/io/IOException'> (0x000000076e1eb478) thrown at [/HUDSON/workspace/8-2-build-linux-amd64/jdk8u181/11358/hotspot/src/share/vm/prims/jni.cpp, line 709]
Event: 93,383 Thread 0x00007f53f4008000 Exception <a 'java/io/IOException'> (0x000000076e1eb6e0) thrown at [/HUDSON/workspace/8-2-build-linux-amd64/jdk8u181/11358/hotspot/src/share/vm/prims/jni.cpp, line 709]
Event: 93,383 Thread 0x00007f53f4008000 Exception <a 'java/io/IOException'> (0x000000076e1eb978) thrown at [/HUDSON/workspace/8-2-build-linux-amd64/jdk8u181/11358/hotspot/src/share/vm/prims/jni.cpp, line 709]
Event: 93,383 Thread 0x00007f53f4008000 Exception <a 'java/io/IOException'> (0x000000076e1ebbe0) thrown at [/HUDSON/workspace/8-2-build-linux-amd64/jdk8u181/11358/hotspot/src/share/vm/prims/jni.cpp, line 709]
Event: 93,386 Thread 0x00007f53f4008000 Exception <a 'java/io/IOException'> (0x000000076e23afd8) thrown at [/HUDSON/workspace/8-2-build-linux-amd64/jdk8u181/11358/hotspot/src/share/vm/prims/jni.cpp, line 709]
Event: 93,386 Thread 0x00007f53f4008000 Exception <a 'java/io/IOException'> (0x000000076e23b240) thrown at [/HUDSON/workspace/8-2-build-linux-amd64/jdk8u181/11358/hotspot/src/share/vm/prims/jni.cpp, line 709]
Event: 93,387 Thread 0x00007f53f4008000 Exception <a 'java/io/IOException'> (0x000000076e23ee68) thrown at [/HUDSON/workspace/8-2-build-linux-amd64/jdk8u181/11358/hotspot/src/share/vm/prims/jni.cpp, line 709]
Event: 93,387 Thread 0x00007f53f4008000 Exception <a 'java/io/IOException'> (0x000000076e23f0d0) thrown at [/HUDSON/workspace/8-2-build-linux-amd64/jdk8u181/11358/hotspot/src/share/vm/prims/jni.cpp, line 709]

Events (10 events):
Event: 93,387 loading class javax/inject$Named done
Event: 93,387 Thread 0x00007f546c0c3000 flushing nmethod 0x00007f545d3e0590
Event: 93,388 loading class groovy/lang/MetaClass
Event: 93,388 loading class groovy/lang/MetaClass done
Event: 93,388 loading class groovy/lang$MetaClass
Event: 93,388 loading class groovy/lang$MetaClass done
Event: 93,393 loading class javax/inject/Named
Event: 93,393 loading class javax/inject/Named done
Event: 93,393 loading class javax/inject$Named
Event: 93,393 loading class javax/inject$Named done


Dynamic libraries:
00400000-00401000 r-xp 00000000 08:03 3413509                            /usr/lib/jvm/jdk1.8.0_181/jre/bin/java
00600000-00601000 rw-p 00000000 08:03 3413509                            /usr/lib/jvm/jdk1.8.0_181/jre/bin/java
008e6000-00907000 rw-p 00000000 00:00 0                                  [heap]
6c7600000-6cfa00000 rw-p 00000000 00:00 0 
6cfa00000-76d200000 ---p 00000000 00:00 0 
76d200000-78b080000 rw-p 00000000 00:00 0 
78b080000-7c0000000 ---p 00000000 00:00 0 
7c0000000-7c0720000 rw-p 00000000 00:00 0 
7c0720000-800000000 ---p 00000000 00:00 0 
7f53d3afb000-7f53d3afe000 ---p 00000000 00:00 0 
7f53d3afe000-7f53d3bfc000 rw-p 00000000 00:00 0 
7f53d3bfc000-7f53d3bff000 ---p 00000000 00:00 0 
7f53d3bff000-7f53d3cfd000 rw-p 00000000 00:00 0 
7f53d3cfd000-7f53d3d00000 ---p 00000000 00:00 0 
7f53d3d00000-7f53d3dfe000 rw-p 00000000 00:00 0 
7f53d3dfe000-7f53d3e01000 ---p 00000000 00:00 0 
7f53d3e01000-7f53d3eff000 rw-p 00000000 00:00 0 
7f53d3eff000-7f53d3f02000 ---p 00000000 00:00 0 
7f53d3f02000-7f53d4000000 rw-p 00000000 00:00 0 
7f53d4000000-7f53d4021000 rw-p 00000000 00:00 0 
7f53d4021000-7f53d8000000 ---p 00000000 00:00 0 
7f53d8000000-7f53d8021000 rw-p 00000000 00:00 0 
7f53d8021000-7f53dc000000 ---p 00000000 00:00 0 
7f53dc000000-7f53dc021000 rw-p 00000000 00:00 0 
7f53dc021000-7f53e0000000 ---p 00000000 00:00 0 
7f53e0000000-7f53e0021000 rw-p 00000000 00:00 0 
7f53e0021000-7f53e4000000 ---p 00000000 00:00 0 
7f53e4000000-7f53e4021000 rw-p 00000000 00:00 0 
7f53e4021000-7f53e8000000 ---p 00000000 00:00 0 
7f53e8000000-7f53e8021000 rw-p 00000000 00:00 0 
7f53e8021000-7f53ec000000 ---p 00000000 00:00 0 
7f53ec000000-7f53ec021000 rw-p 00000000 00:00 0 
7f53ec021000-7f53f0000000 ---p 00000000 00:00 0 
7f53f0000000-7f53f0021000 rw-p 00000000 00:00 0 
7f53f0021000-7f53f4000000 ---p 00000000 00:00 0 
7f53f4000000-7f53f4021000 rw-p 00000000 00:00 0 
7f53f4021000-7f53f8000000 ---p 00000000 00:00 0 
7f53f8000000-7f53f8021000 rw-p 00000000 00:00 0 
7f53f8021000-7f53fc000000 ---p 00000000 00:00 0 
7f53fc000000-7f53fc021000 rw-p 00000000 00:00 0 
7f53fc021000-7f5400000000 ---p 00000000 00:00 0 
7f5400000000-7f5400021000 rw-p 00000000 00:00 0 
7f5400021000-7f5404000000 ---p 00000000 00:00 0 
7f5404000000-7f5404021000 rw-p 00000000 00:00 0 
7f5404021000-7f5408000000 ---p 00000000 00:00 0 
7f5408000000-7f5408021000 rw-p 00000000 00:00 0 
7f5408021000-7f540c000000 ---p 00000000 00:00 0 
7f540c000000-7f540cfa7000 rw-p 00000000 00:00 0 
7f540cfa7000-7f5410000000 ---p 00000000 00:00 0 
7f5410000000-7f5410544000 rw-p 00000000 00:00 0 
7f5410544000-7f5414000000 ---p 00000000 00:00 0 
7f5414000000-7f5414021000 rw-p 00000000 00:00 0 
7f5414021000-7f5418000000 ---p 00000000 00:00 0 
7f5418000000-7f5418021000 rw-p 00000000 00:00 0 
7f5418021000-7f541c000000 ---p 00000000 00:00 0 
7f541c000000-7f541c39c000 rw-p 00000000 00:00 0 
7f541c39c000-7f5420000000 ---p 00000000 00:00 0 
7f5420000000-7f5420021000 rw-p 00000000 00:00 0 
7f5420021000-7f5424000000 ---p 00000000 00:00 0 
7f5424000000-7f542405e000 rw-p 00000000 00:00 0 
7f542405e000-7f5428000000 ---p 00000000 00:00 0 
7f5428000000-7f5428021000 rw-p 00000000 00:00 0 
7f5428021000-7f542c000000 ---p 00000000 00:00 0 
7f542c000000-7f542c021000 rw-p 00000000 00:00 0 
7f542c021000-7f5430000000 ---p 00000000 00:00 0 
7f5430000000-7f5430021000 rw-p 00000000 00:00 0 
7f5430021000-7f5434000000 ---p 00000000 00:00 0 
7f5434000000-7f5434021000 rw-p 00000000 00:00 0 
7f5434021000-7f5438000000 ---p 00000000 00:00 0 
7f54380ad000-7f54380b0000 ---p 00000000 00:00 0 
7f54380b0000-7f54381ae000 rw-p 00000000 00:00 0 
7f54381ae000-7f54381b1000 ---p 00000000 00:00 0 
7f54381b1000-7f54382af000 rw-p 00000000 00:00 0 
7f54382af000-7f54382b2000 ---p 00000000 00:00 0 
7f54382b2000-7f5440000000 rw-p 00000000 00:00 0 
7f5440000000-7f5440021000 rw-p 00000000 00:00 0 
7f5440021000-7f5444000000 ---p 00000000 00:00 0 
7f5444000000-7f544405c000 rw-p 00000000 00:00 0 
7f544405c000-7f5448000000 ---p 00000000 00:00 0 
7f5448000000-7f5448021000 rw-p 00000000 00:00 0 
7f5448021000-7f544c000000 ---p 00000000 00:00 0 
7f544c0f8000-7f544c0fb000 ---p 00000000 00:00 0 
7f544c0fb000-7f544c1f9000 rw-p 00000000 00:00 0 
7f544c1f9000-7f544c1fc000 ---p 00000000 00:00 0 
7f544c1fc000-7f544c2fa000 rw-p 00000000 00:00 0 
7f544c2fa000-7f544c2fd000 ---p 00000000 00:00 0 
7f544c2fd000-7f544c3fb000 rw-p 00000000 00:00 0 
7f544c3fb000-7f544c3fe000 ---p 00000000 00:00 0 
7f544c3fe000-7f544c4fc000 rw-p 00000000 00:00 0 
7f544c4fc000-7f544c4ff000 ---p 00000000 00:00 0 
7f544c4ff000-7f544c5fd000 rw-p 00000000 00:00 0 
7f544c5fd000-7f544c600000 ---p 00000000 00:00 0 
7f544c600000-7f544c6fe000 rw-p 00000000 00:00 0 
7f544c6fe000-7f544c701000 ---p 00000000 00:00 0 
7f544c701000-7f544c9ff000 rw-p 00000000 00:00 0 
7f544c9ff000-7f544cbff000 rw-p 00000000 00:00 0 
7f544cbff000-7f544cdff000 rw-p 00000000 00:00 0 
7f544cdff000-7f544cfff000 rw-p 00000000 00:00 0 
7f544cfff000-7f5450000000 rw-p 00000000 00:00 0 
7f5450000000-7f5450021000 rw-p 00000000 00:00 0 
7f5450021000-7f5454000000 ---p 00000000 00:00 0 
7f54540a3000-7f54542a3000 rw-p 00000000 00:00 0 
7f54542a3000-7f54544a3000 rw-p 00000000 00:00 0 
7f54544a3000-7f54544a6000 ---p 00000000 00:00 0 
7f54544a6000-7f54547a4000 rw-p 00000000 00:00 0 
7f54547a4000-7f54547a7000 ---p 00000000 00:00 0 
7f54547a7000-7f54548a5000 rw-p 00000000 00:00 0 
7f54548a5000-7f54548a8000 ---p 00000000 00:00 0 
7f54548a8000-7f5454ba6000 rw-p 00000000 00:00 0 
7f5454ba6000-7f5454bbd000 r-xp 00000000 08:03 2889269                    /lib/x86_64-linux-gnu/libgcc_s.so.1
7f5454bbd000-7f5454dbc000 ---p 00017000 08:03 2889269                    /lib/x86_64-linux-gnu/libgcc_s.so.1
7f5454dbc000-7f5454dbd000 r--p 00016000 08:03 2889269                    /lib/x86_64-linux-gnu/libgcc_s.so.1
7f5454dbd000-7f5454dbe000 rw-p 00017000 08:03 2889269                    /lib/x86_64-linux-gnu/libgcc_s.so.1
7f5454dd5000-7f5454dda000 r--s 0003f000 08:03 3413684                    /usr/lib/jvm/jdk1.8.0_181/jre/lib/ext/sunjce_provider.jar
7f5454dde000-7f5454e10000 r-xp 00000000 08:03 3413782                    /usr/lib/jvm/jdk1.8.0_181/jre/lib/amd64/libsunec.so
7f5454e10000-7f545500f000 ---p 00032000 08:03 3413782                    /usr/lib/jvm/jdk1.8.0_181/jre/lib/amd64/libsunec.so
7f545500f000-7f5455015000 rw-p 00031000 08:03 3413782                    /usr/lib/jvm/jdk1.8.0_181/jre/lib/amd64/libsunec.so
7f5455015000-7f5455025000 rw-p 00000000 00:00 0 
7f5455027000-7f5455029000 r--s 00009000 08:03 3413674                    /usr/lib/jvm/jdk1.8.0_181/jre/lib/ext/sunec.jar
7f5455030000-7f5455033000 r--s 0001a000 08:03 3413847                    /usr/lib/jvm/jdk1.8.0_181/jre/lib/jce.jar
7f5455039000-7f545503c000 ---p 00000000 00:00 0 
7f545503c000-7f545513a000 rw-p 00000000 00:00 0 
7f545513a000-7f545513d000 ---p 00000000 00:00 0 
7f545513d000-7f545543b000 rw-p 00000000 00:00 0 
7f545543b000-7f545563b000 rw-p 00000000 00:00 0 
7f545563b000-7f5455640000 r--s 0009d000 08:03 3413672                    /usr/lib/jvm/jdk1.8.0_181/jre/lib/jsse.jar
7f5455646000-7f5455846000 rw-p 00000000 00:00 0 
7f5455846000-7f5455a46000 rw-p 00000000 00:00 0 
7f5455a46000-7f5455c46000 rw-p 00000000 00:00 0 
7f5455c46000-7f5455e46000 rw-p 00000000 00:00 0 
7f5455e46000-7f5456046000 rw-p 00000000 00:00 0 
7f5456046000-7f545604f000 r-xp 00000000 08:03 3413839                    /usr/lib/jvm/jdk1.8.0_181/jre/lib/amd64/libmanagement.so
7f545604f000-7f545624e000 ---p 00009000 08:03 3413839                    /usr/lib/jvm/jdk1.8.0_181/jre/lib/amd64/libmanagement.so
7f545624e000-7f545624f000 rw-p 00008000 08:03 3413839                    /usr/lib/jvm/jdk1.8.0_181/jre/lib/amd64/libmanagement.so
7f5456256000-7f545626c000 r-xp 00000000 08:03 3413831                    /usr/lib/jvm/jdk1.8.0_181/jre/lib/amd64/libnet.so
7f545626c000-7f545646c000 ---p 00016000 08:03 3413831                    /usr/lib/jvm/jdk1.8.0_181/jre/lib/amd64/libnet.so
7f545646c000-7f545646d000 rw-p 00016000 08:03 3413831                    /usr/lib/jvm/jdk1.8.0_181/jre/lib/amd64/libnet.so
7f545646e000-7f545647f000 r-xp 00000000 08:03 3413834                    /usr/lib/jvm/jdk1.8.0_181/jre/lib/amd64/libnio.so
7f545647f000-7f545667e000 ---p 00011000 08:03 3413834                    /usr/lib/jvm/jdk1.8.0_181/jre/lib/amd64/libnio.so
7f545667e000-7f545667f000 rw-p 00010000 08:03 3413834                    /usr/lib/jvm/jdk1.8.0_181/jre/lib/amd64/libnio.so
7f5456684000-7f5456884000 rw-p 00000000 00:00 0 
7f5456884000-7f5456919000 r--s 0110e000 08:03 3413677                    /usr/lib/jvm/jdk1.8.0_181/jre/lib/ext/jfxrt.jar
7f5456919000-7f5456b19000 rw-p 00000000 00:00 0 
7f5456b19000-7f5456b1c000 ---p 00000000 00:00 0 
7f5456b1c000-7f5456c1a000 rw-p 00000000 00:00 0 
7f5456c1a000-7f5456c1d000 ---p 00000000 00:00 0 
7f5456c1d000-7f5456d1b000 rw-p 00000000 00:00 0 
7f5456d1b000-7f5456d1e000 ---p 00000000 00:00 0 
7f5456d1e000-7f5456e1c000 rw-p 00000000 00:00 0 
7f5456e1c000-7f5456e26000 r--s 00116000 08:03 3413683                    /usr/lib/jvm/jdk1.8.0_181/jre/lib/ext/localedata.jar
7f5456e29000-7f5456e45000 r--s 00393000 08:03 3413676                    /usr/lib/jvm/jdk1.8.0_181/jre/lib/ext/cldrdata.jar
7f5456e4a000-7f5456e72000 r--s 0012c000 08:03 7875488                    /home/antoniojunior/.m2/repository/org/springframework/boot/spring-boot-autoconfigure/2.2.6.RELEASE/spring-boot-autoconfigure-2.2.6.RELEASE.jar
7f5456e77000-7f5456e92000 r--s 00111000 08:03 7875482                    /home/antoniojunior/.m2/repository/org/springframework/spring-context/5.2.5.RELEASE/spring-context-5.2.5.RELEASE.jar
7f5456e93000-7f5456e94000 r--s 00005000 08:03 7875515                    /home/antoniojunior/.m2/repository/org/springframework/spring-jcl/5.2.5.RELEASE/spring-jcl-5.2.5.RELEASE.jar
7f5456e9b000-7f5456eb6000 r--s 00145000 08:03 7875518                    /home/antoniojunior/.m2/repository/org/springframework/spring-core/5.2.5.RELEASE/spring-core-5.2.5.RELEASE.jar
7f5456eb7000-7f5456ece000 r--s 000e9000 08:03 7875487                    /home/antoniojunior/.m2/repository/org/springframework/boot/spring-boot/2.2.6.RELEASE/spring-boot-2.2.6.RELEASE.jar
7f5456ece000-7f5456ed4000 r--s 00030000 08:03 8263278                    /home/antoniojunior/.m2/repository/org/springframework/boot/spring-boot-devtools/2.2.6.RELEASE/spring-boot-devtools-2.2.6.RELEASE.jar
7f5456ed6000-7f5456edb000 r--s 00040000 08:03 7875485                    /home/antoniojunior/.m2/repository/org/springframework/spring-expression/5.2.5.RELEASE/spring-expression-5.2.5.RELEASE.jar
7f5456edd000-7f5456ef0000 r--s 000d7000 08:03 7875478                    /home/antoniojunior/.m2/repository/org/springframework/spring-webmvc/5.2.5.RELEASE/spring-webmvc-5.2.5.RELEASE.jar
7f5456ef0000-7f5456f0d000 r--s 00142000 08:03 7875475                    /home/antoniojunior/.m2/repository/org/springframework/spring-web/5.2.5.RELEASE/spring-web-5.2.5.RELEASE.jar
7f5456f12000-7f5456f17000 r--s 0003c000 08:03 8263275                    /home/antoniojunior/.m2/repository/org/apache/tomcat/embed/tomcat-embed-websocket/9.0.33/tomcat-embed-websocket-9.0.33.jar
7f5456f1d000-7f5456f48000 r--s 00307000 08:03 8263273                    /home/antoniojunior/.m2/repository/org/apache/tomcat/embed/tomcat-embed-core/9.0.33/tomcat-embed-core-9.0.33.jar
7f5456f4e000-7f5456f4f000 r--s 00000000 08:03 8263272                    /home/antoniojunior/.m2/repository/org/springframework/boot/spring-boot-starter-tomcat/2.2.6.RELEASE/spring-boot-starter-tomcat-2.2.6.RELEASE.jar
7f5456f4f000-7f5456f51000 r--s 00001000 08:03 7875470                    /home/antoniojunior/.m2/repository/com/fasterxml/jackson/module/jackson-module-parameter-names/2.10.3/jackson-module-parameter-names-2.10.3.jar
7f5456f55000-7f5456f58000 r--s 00017000 08:03 7875466                    /home/antoniojunior/.m2/repository/com/fasterxml/jackson/datatype/jackson-datatype-jsr310/2.10.3/jackson-datatype-jsr310-2.10.3.jar
7f5456f5d000-7f5456f5f000 r--s 00007000 08:03 7875467                    /home/antoniojunior/.m2/repository/com/fasterxml/jackson/datatype/jackson-datatype-jdk8/2.10.3/jackson-datatype-jdk8-2.10.3.jar
7f5456f5f000-7f5456f64000 r--s 00051000 08:03 7617732                    /home/antoniojunior/.m2/repository/com/fasterxml/jackson/core/jackson-core/2.10.3/jackson-core-2.10.3.jar
7f5456f64000-7f5456f67000 r--s 0000e000 08:03 7617731                    /home/antoniojunior/.m2/repository/com/fasterxml/jackson/core/jackson-annotations/2.10.3/jackson-annotations-2.10.3.jar
7f5456f68000-7f5456f7d000 r--s 00142000 08:03 7617730                    /home/antoniojunior/.m2/repository/com/fasterxml/jackson/core/jackson-databind/2.10.3/jackson-databind-2.10.3.jar
7f5456f7e000-7f5456f7f000 r--s 00000000 08:03 7875461                    /home/antoniojunior/.m2/repository/org/springframework/boot/spring-boot-starter-json/2.2.6.RELEASE/spring-boot-starter-json-2.2.6.RELEASE.jar
7f5456f86000-7f5456f87000 r--s 00000000 08:03 7875460                    /home/antoniojunior/.m2/repository/org/springframework/boot/spring-boot-starter-web/2.2.6.RELEASE/spring-boot-starter-web-2.2.6.RELEASE.jar
7f5456f8e000-7f5456f8f000 r--s 00000000 08:03 7612352                    /home/antoniojunior/.m2/repository/br/gov/pa/prodepa/pae-documento-web/0.0.1-SNAPSHOT/pae-documento-web-0.0.1-SNAPSHOT.jar
7f5456f93000-7f5456f95000 r--s 00005000 08:03 7997918                    /home/antoniojunior/.m2/repository/org/mapstruct/mapstruct/1.4.1.Final/mapstruct-1.4.1.Final.jar
7f5456f96000-7f5456fa2000 r--s 000d8000 08:03 7868938                    /home/antoniojunior/.m2/repository/org/postgresql/postgresql/42.2.11/postgresql-42.2.11.jar
7f5456fa8000-7f5456faa000 r--s 0000a000 08:03 7875508                    /home/antoniojunior/.m2/repository/org/springframework/spring-aspects/5.2.5.RELEASE/spring-aspects-5.2.5.RELEASE.jar
7f5456faf000-7f5456fb1000 r--s 00009000 08:03 7615613                    /home/antoniojunior/.m2/repository/org/slf4j/slf4j-api/1.7.30/slf4j-api-1.7.30.jar
7f5456fb1000-7f5456fbe000 r--s 0009b000 08:03 7875477                    /home/antoniojunior/.m2/repository/org/springframework/spring-beans/5.2.5.RELEASE/spring-beans-5.2.5.RELEASE.jar
7f5456fc2000-7f5456fcb000 r--s 00044000 08:03 7875506                    /home/antoniojunior/.m2/repository/org/springframework/spring-tx/5.2.5.RELEASE/spring-tx-5.2.5.RELEASE.jar
7f5456fcb000-7f5456fd0000 r--s 0002d000 08:03 7875507                    /home/antoniojunior/.m2/repository/org/springframework/spring-orm/5.2.5.RELEASE/spring-orm-5.2.5.RELEASE.jar
7f5456fd6000-7f5456fef000 r--s 00110000 08:03 7875502                    /home/antoniojunior/.m2/repository/org/springframework/data/spring-data-commons/2.2.6.RELEASE/spring-data-commons-2.2.6.RELEASE.jar
7f5456ff0000-7f5456ff8000 r--s 00052000 08:03 7875499                    /home/antoniojunior/.m2/repository/org/springframework/data/spring-data-jpa/2.2.6.RELEASE/spring-data-jpa-2.2.6.RELEASE.jar
7f5456fff000-7f5457004000 r--s 00049000 08:03 7873981                    /home/antoniojunior/.m2/repository/com/sun/xml/fastinfoset/FastInfoset/1.2.16/FastInfoset-1.2.16.jar
7f5457006000-7f5457008000 r--s 00008000 08:03 7875498                    /home/antoniojunior/.m2/repository/org/jvnet/staxex/stax-ex/1.8.1/stax-ex-1.8.1.jar
7f545700b000-7f545700d000 r--s 00005000 08:03 7873979                    /home/antoniojunior/.m2/repository/com/sun/istack/istack-commons-runtime/3.0.8/istack-commons-runtime-3.0.8.jar
7f545700e000-7f5457010000 r--s 00010000 08:03 7873973                    /home/antoniojunior/.m2/repository/org/glassfish/jaxb/txw2/2.3.2/txw2-2.3.2.jar
7f5457017000-7f545701b000 r--s 00019000 08:03 7875514                    /home/antoniojunior/.m2/repository/jakarta/xml/bind/jakarta.xml.bind-api/2.3.3/jakarta.xml.bind-api-2.3.3.jar
7f5457021000-7f5457036000 r--s 000e3000 08:03 7873977                    /home/antoniojunior/.m2/repository/org/glassfish/jaxb/jaxb-runtime/2.3.2/jaxb-runtime-2.3.2.jar
7f5457036000-7f5457039000 r--s 00010000 08:03 7873869                    /home/antoniojunior/.m2/repository/org/hibernate/common/hibernate-commons-annotations/5.1.0.Final/hibernate-commons-annotations-5.1.0.Final.jar
7f5457039000-7f545703e000 r--s 0004b000 08:03 7873867                    /home/antoniojunior/.m2/repository/org/dom4j/dom4j/2.1.1/dom4j-2.1.1.jar
7f5457043000-7f5457046000 r--s 0002d000 08:03 7873865                    /home/antoniojunior/.m2/repository/org/jboss/jandex/2.1.1.Final/jandex-2.1.1.Final.jar
7f5457046000-7f545704b000 r--s 00068000 08:03 7873863                    /home/antoniojunior/.m2/repository/antlr/antlr/2.7.7/antlr-2.7.7.jar
7f5457051000-7f5457099000 r--s 002eb000 08:03 7874149                    /home/antoniojunior/.m2/repository/net/bytebuddy/byte-buddy/1.10.8/byte-buddy-1.10.8.jar
7f545709a000-7f54570a4000 r--s 000b4000 08:03 7873861                    /home/antoniojunior/.m2/repository/org/javassist/javassist/3.24.0-GA/javassist-3.24.0-GA.jar
7f54570a9000-7f545712f000 r--s 00653000 08:03 7873859                    /home/antoniojunior/.m2/repository/org/hibernate/hibernate-core/5.4.12.Final/hibernate-core-5.4.12.Final.jar
7f5457131000-7f5457132000 r--s 00003000 08:03 7873857                    /home/antoniojunior/.m2/repository/jakarta/transaction/jakarta.transaction-api/1.3.3/jakarta.transaction-api-1.3.3.jar
7f5457139000-7f545713f000 r--s 00023000 08:03 7873855                    /home/antoniojunior/.m2/repository/jakarta/persistence/jakarta.persistence-api/2.2.3/jakarta.persistence-api-2.2.3.jar
7f5457140000-7f5457142000 r--s 0000a000 08:03 7873853                    /home/antoniojunior/.m2/repository/jakarta/activation/jakarta.activation-api/1.2.2/jakarta.activation-api-1.2.2.jar
7f5457148000-7f5457152000 r--s 0005a000 08:03 7875497                    /home/antoniojunior/.m2/repository/org/springframework/spring-jdbc/5.2.5.RELEASE/spring-jdbc-5.2.5.RELEASE.jar
7f5457159000-7f545715c000 r--s 00023000 08:03 7873849                    /home/antoniojunior/.m2/repository/com/zaxxer/HikariCP/3.4.2/HikariCP-3.4.2.jar
7f545715e000-7f545715f000 r--s 00000000 08:03 7875496                    /home/antoniojunior/.m2/repository/org/springframework/boot/spring-boot-starter-jdbc/2.2.6.RELEASE/spring-boot-starter-jdbc-2.2.6.RELEASE.jar
7f5457160000-7f5457179000 r--s 001da000 08:03 7873845                    /home/antoniojunior/.m2/repository/org/aspectj/aspectjweaver/1.9.5/aspectjweaver-1.9.5.jar
7f5457180000-7f5457189000 r--s 00052000 08:03 7875481                    /home/antoniojunior/.m2/repository/org/springframework/spring-aop/5.2.5.RELEASE/spring-aop-5.2.5.RELEASE.jar
7f545718e000-7f545718f000 r--s 00000000 08:03 7875493                    /home/antoniojunior/.m2/repository/org/springframework/boot/spring-boot-starter-aop/2.2.6.RELEASE/spring-boot-starter-aop-2.2.6.RELEASE.jar
7f5457196000-7f5457197000 r--s 00000000 08:03 7875491                    /home/antoniojunior/.m2/repository/org/springframework/boot/spring-boot-starter-data-jpa/2.2.6.RELEASE/spring-boot-starter-data-jpa-2.2.6.RELEASE.jar
7f5457198000-7f5457199000 r--s 00002000 08:03 7618776                    /home/antoniojunior/.m2/repository/br/gov/pa/prodepa/pae-documento-persistence/0.0.1-SNAPSHOT/pae-documento-persistence-0.0.1-SNAPSHOT.jar
7f545719d000-7f545719f000 r--s 0000f000 08:03 7873833                    /home/antoniojunior/.m2/repository/com/fasterxml/classmate/1.5.1/classmate-1.5.1.jar
7f54571a3000-7f54571a5000 r--s 0000d000 08:03 7873831                    /home/antoniojunior/.m2/repository/org/jboss/logging/jboss-logging/3.4.1.Final/jboss-logging-3.4.1.Final.jar
7f54571ac000-7f54571c9000 r--s 000fe000 08:03 7873829                    /home/antoniojunior/.m2/repository/org/hibernate/validator/hibernate-validator/6.0.18.Final/hibernate-validator-6.0.18.Final.jar
7f54571d0000-7f54571d4000 r--s 0003a000 08:03 7875471                    /home/antoniojunior/.m2/repository/org/apache/tomcat/embed/tomcat-embed-el/9.0.33/tomcat-embed-el-9.0.33.jar
7f54571d8000-7f54571dd000 r--s 00012000 08:03 7873825                    /home/antoniojunior/.m2/repository/jakarta/validation/jakarta.validation-api/2.0.2/jakarta.validation-api-2.0.2.jar
7f54571e2000-7f54571e9000 r--s 00044000 08:03 7615609                    /home/antoniojunior/.m2/repository/org/yaml/snakeyaml/1.25/snakeyaml-1.25.jar
7f54571eb000-7f54571ed000 r--s 00005000 08:03 7873803                    /home/antoniojunior/.m2/repository/jakarta/annotation/jakarta.annotation-api/1.3.5/jakarta.annotation-api-1.3.5.jar
7f54571f4000-7f54571fa000 r--s 0003e000 08:03 7873799                    /home/antoniojunior/.m2/repository/org/apache/logging/log4j/log4j-api/2.12.1/log4j-api-2.12.1.jar
7f54571ff000-7f545720a000 r--s 00069000 08:03 7873795                    /home/antoniojunior/.m2/repository/ch/qos/logback/logback-core/1.2.3/logback-core-1.2.3.jar
7f5457210000-7f5457211000 ---p 00000000 00:00 0 
7f5457211000-7f5457311000 rw-p 00000000 00:00 0 
7f5457311000-7f5457314000 ---p 00000000 00:00 0 
7f5457314000-7f5457412000 rw-p 00000000 00:00 0 
7f5457412000-7f5457413000 ---p 00000000 00:00 0 
7f5457413000-7f5457416000 ---p 00000000 00:00 0 
7f5457416000-7f5457513000 rw-p 00000000 00:00 0 
7f5457513000-7f5457514000 ---p 00000000 00:00 0 
7f5457514000-7f5457517000 ---p 00000000 00:00 0 
7f5457517000-7f5457614000 rw-p 00000000 00:00 0 
7f5457614000-7f5457615000 ---p 00000000 00:00 0 
7f5457615000-7f5457618000 ---p 00000000 00:00 0 
7f5457618000-7f5457715000 rw-p 00000000 00:00 0 
7f5457715000-7f5457718000 ---p 00000000 00:00 0 
7f5457718000-7f5457816000 rw-p 00000000 00:00 0 
7f5457816000-7f5457af5000 r--p 00000000 08:03 3561365                    /usr/lib/locale/locale-archive
7f5457afb000-7f5457afe000 ---p 00000000 00:00 0 
7f5457afe000-7f5457bfc000 rw-p 00000000 00:00 0 
7f5457bfc000-7f5457bff000 ---p 00000000 00:00 0 
7f5457bff000-7f5457cfd000 rw-p 00000000 00:00 0 
7f5457cfd000-7f5457cfe000 ---p 00000000 00:00 0 
7f5457cfe000-7f5458000000 rw-p 00000000 00:00 0 
7f5458000000-7f5458021000 rw-p 00000000 00:00 0 
7f5458021000-7f545c000000 ---p 00000000 00:00 0 
7f545c005000-7f545c01d000 r--s 0019f000 08:03 7873781                    /home/antoniojunior/.m2/repository/org/projectlombok/lombok/1.18.12/lombok-1.18.12.jar
7f545c020000-7f545ce21000 rw-p 00000000 00:00 0 
7f545ce21000-7f545cffb000 r--s 03d6b000 08:03 3413615                    /usr/lib/jvm/jdk1.8.0_181/jre/lib/rt.jar
7f545d000000-7f545d7a0000 rwxp 00000000 00:00 0 
7f545d7a0000-7f546c000000 ---p 00000000 00:00 0 
7f546c000000-7f546c72b000 rw-p 00000000 00:00 0 
7f546c72b000-7f5470000000 ---p 00000000 00:00 0 
7f5470006000-7f5470008000 r--s 00000000 08:03 7873801                    /home/antoniojunior/.m2/repository/org/slf4j/jul-to-slf4j/1.7.30/jul-to-slf4j-1.7.30.jar
7f5470009000-7f547000b000 r--s 00003000 08:03 7873797                    /home/antoniojunior/.m2/repository/org/apache/logging/log4j/log4j-to-slf4j/2.12.1/log4j-to-slf4j-2.12.1.jar
7f547000f000-7f5470015000 r--s 00041000 08:03 7873793                    /home/antoniojunior/.m2/repository/ch/qos/logback/logback-classic/1.2.3/logback-classic-1.2.3.jar
7f547001b000-7f5471056000 rw-p 00000000 00:00 0 
7f5471056000-7f5471057000 ---p 00000000 00:00 0 
7f5471057000-7f5471157000 rw-p 00000000 00:00 0 
7f5471157000-7f5471158000 ---p 00000000 00:00 0 
7f5471158000-7f5471258000 rw-p 00000000 00:00 0 
7f5471258000-7f5471259000 ---p 00000000 00:00 0 
7f5471259000-7f5471359000 rw-p 00000000 00:00 0 
7f5471359000-7f547135a000 ---p 00000000 00:00 0 
7f547135a000-7f547149c000 rw-p 00000000 00:00 0 
7f547149c000-7f5471988000 ---p 00000000 00:00 0 
7f5471988000-7f54719ca000 rw-p 00000000 00:00 0 
7f54719ca000-7f5471eb6000 ---p 00000000 00:00 0 
7f5471eb6000-7f5471fa6000 rw-p 00000000 00:00 0 
7f5471fa6000-7f547214d000 ---p 00000000 00:00 0 
7f547214d000-7f547216d000 rw-p 00000000 00:00 0 
7f547216d000-7f547250e000 ---p 00000000 00:00 0 
7f547250e000-7f5472529000 r-xp 00000000 08:03 3413827                    /usr/lib/jvm/jdk1.8.0_181/jre/lib/amd64/libzip.so
7f5472529000-7f5472729000 ---p 0001b000 08:03 3413827                    /usr/lib/jvm/jdk1.8.0_181/jre/lib/amd64/libzip.so
7f5472729000-7f547272a000 rw-p 0001b000 08:03 3413827                    /usr/lib/jvm/jdk1.8.0_181/jre/lib/amd64/libzip.so
7f547272e000-7f5472739000 r-xp 00000000 08:03 2889294                    /lib/x86_64-linux-gnu/libnss_files-2.27.so
7f5472739000-7f5472938000 ---p 0000b000 08:03 2889294                    /lib/x86_64-linux-gnu/libnss_files-2.27.so
7f5472938000-7f5472939000 r--p 0000a000 08:03 2889294                    /lib/x86_64-linux-gnu/libnss_files-2.27.so
7f5472939000-7f547293a000 rw-p 0000b000 08:03 2889294                    /lib/x86_64-linux-gnu/libnss_files-2.27.so
7f547293a000-7f5472940000 rw-p 00000000 00:00 0 
7f5472946000-7f547295d000 r-xp 00000000 08:03 2889291                    /lib/x86_64-linux-gnu/libnsl-2.27.so
7f547295d000-7f5472b5c000 ---p 00017000 08:03 2889291                    /lib/x86_64-linux-gnu/libnsl-2.27.so
7f5472b5c000-7f5472b5d000 r--p 00016000 08:03 2889291                    /lib/x86_64-linux-gnu/libnsl-2.27.so
7f5472b5d000-7f5472b5e000 rw-p 00017000 08:03 2889291                    /lib/x86_64-linux-gnu/libnsl-2.27.so
7f5472b5e000-7f5472b60000 rw-p 00000000 00:00 0 
7f5472b66000-7f5472b71000 r-xp 00000000 08:03 2889296                    /lib/x86_64-linux-gnu/libnss_nis-2.27.so
7f5472b71000-7f5472d70000 ---p 0000b000 08:03 2889296                    /lib/x86_64-linux-gnu/libnss_nis-2.27.so
7f5472d70000-7f5472d71000 r--p 0000a000 08:03 2889296                    /lib/x86_64-linux-gnu/libnss_nis-2.27.so
7f5472d71000-7f5472d72000 rw-p 0000b000 08:03 2889296                    /lib/x86_64-linux-gnu/libnss_nis-2.27.so
7f5472d76000-7f5472d7e000 r-xp 00000000 08:03 2889292                    /lib/x86_64-linux-gnu/libnss_compat-2.27.so
7f5472d7e000-7f5472f7e000 ---p 00008000 08:03 2889292                    /lib/x86_64-linux-gnu/libnss_compat-2.27.so
7f5472f7e000-7f5472f7f000 r--p 00008000 08:03 2889292                    /lib/x86_64-linux-gnu/libnss_compat-2.27.so
7f5472f7f000-7f5472f80000 rw-p 00009000 08:03 2889292                    /lib/x86_64-linux-gnu/libnss_compat-2.27.so
7f5472f86000-7f5472fb1000 r-xp 00000000 08:03 3413821                    /usr/lib/jvm/jdk1.8.0_181/jre/lib/amd64/libjava.so
7f5472fb1000-7f54731b0000 ---p 0002b000 08:03 3413821                    /usr/lib/jvm/jdk1.8.0_181/jre/lib/amd64/libjava.so
7f54731b0000-7f54731b2000 rw-p 0002a000 08:03 3413821                    /usr/lib/jvm/jdk1.8.0_181/jre/lib/amd64/libjava.so
7f54731b6000-7f54731c3000 r-xp 00000000 08:03 3413826                    /usr/lib/jvm/jdk1.8.0_181/jre/lib/amd64/libverify.so
7f54731c3000-7f54733c3000 ---p 0000d000 08:03 3413826                    /usr/lib/jvm/jdk1.8.0_181/jre/lib/amd64/libverify.so
7f54733c3000-7f54733c5000 rw-p 0000d000 08:03 3413826                    /usr/lib/jvm/jdk1.8.0_181/jre/lib/amd64/libverify.so
7f54733c6000-7f54733cd000 r-xp 00000000 08:03 2889301                    /lib/x86_64-linux-gnu/librt-2.27.so
7f54733cd000-7f54735cc000 ---p 00007000 08:03 2889301                    /lib/x86_64-linux-gnu/librt-2.27.so
7f54735cc000-7f54735cd000 r--p 00006000 08:03 2889301                    /lib/x86_64-linux-gnu/librt-2.27.so
7f54735cd000-7f54735ce000 rw-p 00007000 08:03 2889301                    /lib/x86_64-linux-gnu/librt-2.27.so
7f54735ce000-7f547376b000 r-xp 00000000 08:03 2889288                    /lib/x86_64-linux-gnu/libm-2.27.so
7f547376b000-7f547396a000 ---p 0019d000 08:03 2889288                    /lib/x86_64-linux-gnu/libm-2.27.so
7f547396a000-7f547396b000 r--p 0019c000 08:03 2889288                    /lib/x86_64-linux-gnu/libm-2.27.so
7f547396b000-7f547396c000 rw-p 0019d000 08:03 2889288                    /lib/x86_64-linux-gnu/libm-2.27.so
7f547396e000-7f547464a000 r-xp 00000000 08:03 3413803                    /usr/lib/jvm/jdk1.8.0_181/jre/lib/amd64/server/libjvm.so
7f547464a000-7f547484a000 ---p 00cdc000 08:03 3413803                    /usr/lib/jvm/jdk1.8.0_181/jre/lib/amd64/server/libjvm.so
7f547484a000-7f5474924000 rw-p 00cdc000 08:03 3413803                    /usr/lib/jvm/jdk1.8.0_181/jre/lib/amd64/server/libjvm.so
7f5474924000-7f547496f000 rw-p 00000000 00:00 0 
7f5474976000-7f5474b5d000 r-xp 00000000 08:03 2889284                    /lib/x86_64-linux-gnu/libc-2.27.so
7f5474b5d000-7f5474d5d000 ---p 001e7000 08:03 2889284                    /lib/x86_64-linux-gnu/libc-2.27.so
7f5474d5d000-7f5474d61000 r--p 001e7000 08:03 2889284                    /lib/x86_64-linux-gnu/libc-2.27.so
7f5474d61000-7f5474d63000 rw-p 001eb000 08:03 2889284                    /lib/x86_64-linux-gnu/libc-2.27.so
7f5474d63000-7f5474d67000 rw-p 00000000 00:00 0 
7f5474d6e000-7f5474d71000 r-xp 00000000 08:03 2889287                    /lib/x86_64-linux-gnu/libdl-2.27.so
7f5474d71000-7f5474f70000 ---p 00003000 08:03 2889287                    /lib/x86_64-linux-gnu/libdl-2.27.so
7f5474f70000-7f5474f71000 r--p 00002000 08:03 2889287                    /lib/x86_64-linux-gnu/libdl-2.27.so
7f5474f71000-7f5474f72000 rw-p 00003000 08:03 2889287                    /lib/x86_64-linux-gnu/libdl-2.27.so
7f5474f76000-7f5474f8c000 r-xp 00000000 08:03 3413798                    /usr/lib/jvm/jdk1.8.0_181/jre/lib/amd64/jli/libjli.so
7f5474f8c000-7f547518b000 ---p 00016000 08:03 3413798                    /usr/lib/jvm/jdk1.8.0_181/jre/lib/amd64/jli/libjli.so
7f547518b000-7f547518c000 rw-p 00015000 08:03 3413798                    /usr/lib/jvm/jdk1.8.0_181/jre/lib/amd64/jli/libjli.so
7f547518e000-7f54751a8000 r-xp 00000000 08:03 2889299                    /lib/x86_64-linux-gnu/libpthread-2.27.so
7f54751a8000-7f54753a7000 ---p 0001a000 08:03 2889299                    /lib/x86_64-linux-gnu/libpthread-2.27.so
7f54753a7000-7f54753a8000 r--p 00019000 08:03 2889299                    /lib/x86_64-linux-gnu/libpthread-2.27.so
7f54753a8000-7f54753a9000 rw-p 0001a000 08:03 2889299                    /lib/x86_64-linux-gnu/libpthread-2.27.so
7f54753a9000-7f54753ad000 rw-p 00000000 00:00 0 
7f54753ae000-7f54753d5000 r-xp 00000000 08:03 2889270                    /lib/x86_64-linux-gnu/ld-2.27.so
7f54753d6000-7f54753d7000 r--s 00000000 08:03 7875459                    /home/antoniojunior/.m2/repository/org/springframework/boot/spring-boot-starter-logging/2.2.6.RELEASE/spring-boot-starter-logging-2.2.6.RELEASE.jar
7f54753de000-7f54753df000 r--s 00000000 08:03 7875458                    /home/antoniojunior/.m2/repository/org/springframework/boot/spring-boot-starter/2.2.6.RELEASE/spring-boot-starter-2.2.6.RELEASE.jar
7f54753e6000-7f54753e7000 r--s 00000000 08:03 7875474                    /home/antoniojunior/.m2/repository/org/springframework/boot/spring-boot-starter-validation/2.2.6.RELEASE/spring-boot-starter-validation-2.2.6.RELEASE.jar
7f54753ec000-7f54753ed000 r--s 00006000 08:03 7873889                    /home/antoniojunior/.m2/repository/javax/transaction/javax.transaction-api/1.3/javax.transaction-api-1.3.jar
7f54753f0000-7f54753f2000 r--s 00002000 08:03 7618743                    /home/antoniojunior/.m2/repository/br/gov/pa/prodepa/pae-documento-domain/0.0.1-SNAPSHOT/pae-documento-domain-0.0.1-SNAPSHOT.jar
7f54753f5000-7f54754c6000 rw-p 00000000 00:00 0 
7f54754c6000-7f54754ce000 rw-s 00000000 08:03 1573528                    /tmp/hsperfdata_antoniojunior/11312
7f54754d2000-7f54754d3000 rw-p 00000000 00:00 0 
7f54754d3000-7f54754d4000 r--p 00000000 00:00 0 
7f54754d4000-7f54754d5000 ---p 00000000 00:00 0 
7f54754d5000-7f54754d8000 ---p 00000000 00:00 0 
7f54754d8000-7f54755d5000 rw-p 00000000 00:00 0 
7f54755d5000-7f54755d6000 r--p 00027000 08:03 2889270                    /lib/x86_64-linux-gnu/ld-2.27.so
7f54755d6000-7f54755d7000 rw-p 00028000 08:03 2889270                    /lib/x86_64-linux-gnu/ld-2.27.so
7f54755d7000-7f54755da000 rw-p 00000000 00:00 0 
7f54755da000-7f54755dc000 rw-p 00000000 00:00 0 
7ffc03c8d000-7ffc03cb0000 rw-p 00000000 00:00 0                          [stack]
7ffc03d66000-7ffc03d69000 r--p 00000000 00:00 0                          [vvar]
7ffc03d69000-7ffc03d6b000 r-xp 00000000 00:00 0                          [vdso]
ffffffffff600000-ffffffffff601000 r-xp 00000000 00:00 0                  [vsyscall]

VM Arguments:
jvm_args: -Xverify:none -XX:TieredStopAtLevel=1 
java_command: br.gov.pa.prodepa.pae.PaeDocumentoApp
java_class_path (initial): /opt/workspaces/photon/pae-documento-service/pae-documento-springboot/target/classes:/home/antoniojunior/.m2/repository/br/gov/pa/prodepa/pae-documento-domain/0.0.1-SNAPSHOT/pae-documento-domain-0.0.1-SNAPSHOT.jar:/home/antoniojunior/.m2/repository/org/projectlombok/lombok/1.18.12/lombok-1.18.12.jar:/home/antoniojunior/.m2/repository/javax/transaction/javax.transaction-api/1.3/javax.transaction-api-1.3.jar:/home/antoniojunior/.m2/repository/org/springframework/boot/spring-boot-starter-validation/2.2.6.RELEASE/spring-boot-starter-validation-2.2.6.RELEASE.jar:/home/antoniojunior/.m2/repository/org/springframework/boot/spring-boot-starter/2.2.6.RELEASE/spring-boot-starter-2.2.6.RELEASE.jar:/home/antoniojunior/.m2/repository/org/springframework/boot/spring-boot-starter-logging/2.2.6.RELEASE/spring-boot-starter-logging-2.2.6.RELEASE.jar:/home/antoniojunior/.m2/repository/ch/qos/logback/logback-classic/1.2.3/logback-classic-1.2.3.jar:/home/antoniojunior/.m2/repository/ch/qos/logback/logback-core/1.2.3/logback-core-1.2.3.jar:/home/antoniojunior/.m2/repository/org/apache/logging/log4j/log4j-to-slf4j/2.12.1/log4j-to-slf4j-2.12.1.jar:/home/antoniojunior/.m2/repository/org/apache/logging/log4j/log4j-api/2.12.1/log4j-api-2.12.1.jar:/home/antoniojunior/.m2/repository/org/slf4j/jul-to-slf4j/1.7.30/jul-to-slf4j-1.7.30.jar:/home/antoniojunior/.m2/repository/jakarta/annotation/jakarta.annotation-api/1.3.5/jakarta.annotation-api-1.3.5.jar:/home/antoniojunior/.m2/repository/org/yaml/snakeyaml/1.25/snakeyaml-1.25.jar:/home/antoniojunior/.m2/repository/jakarta/validation/jakarta.validation-api/2.0.2/jakarta.validation-api-2.0.2.jar:/home/antoniojunior/.m2/repository/org/apache/tomcat/embed/tomcat-embed-el/9.0.33/tomcat-embed-el-9.0.33.jar:/home/antoniojunior/.m2/repository/org/hibernate/validator/hibernate-validator/6.0.18.Final/hibernate-validator-6.0.18.Final.jar:/home/antoniojunior/.m2/repository/org/jboss/logging/jboss-logging/3.4.1.Final/jboss-logging-3
Launcher Type: SUN_STANDARD

Environment Variables:
PATH=/usr/local/sbin:/usr/local/bin:/usr/sbin:/usr/bin:/sbin:/bin:/usr/games:/usr/local/games:/opt/flutter/bin:/snap/bin:/opt/flutter/bin:/opt/kafka_2.13-2.6.0/bin:/opt/minishift-1.34.2-linux-amd64
SHELL=/bin/bash
DISPLAY=:0.0

Signal Handlers:
SIGSEGV: [libjvm.so+0xad2a40], sa_mask[0]=11111111011111111101111111111110, sa_flags=SA_RESTART|SA_SIGINFO
SIGBUS: [libjvm.so+0xad2a40], sa_mask[0]=11111111011111111101111111111110, sa_flags=SA_RESTART|SA_SIGINFO
SIGFPE: [libjvm.so+0x92a610], sa_mask[0]=11111111011111111101111111111110, sa_flags=SA_RESTART|SA_SIGINFO
SIGPIPE: [libjvm.so+0x92a610], sa_mask[0]=11111111011111111101111111111110, sa_flags=SA_RESTART|SA_SIGINFO
SIGXFSZ: [libjvm.so+0x92a610], sa_mask[0]=11111111011111111101111111111110, sa_flags=SA_RESTART|SA_SIGINFO
SIGILL: [libjvm.so+0x92a610], sa_mask[0]=11111111011111111101111111111110, sa_flags=SA_RESTART|SA_SIGINFO
SIGUSR1: SIG_DFL, sa_mask[0]=00000000000000000000000000000000, sa_flags=none
SIGUSR2: [libjvm.so+0x92be70], sa_mask[0]=00100000000000000000000000000000, sa_flags=SA_RESTART|SA_SIGINFO
SIGHUP: [libjvm.so+0x92d270], sa_mask[0]=11111111011111111101111111111110, sa_flags=SA_RESTART|SA_SIGINFO
SIGINT: [libjvm.so+0x92d270], sa_mask[0]=11111111011111111101111111111110, sa_flags=SA_RESTART|SA_SIGINFO
SIGTERM: [libjvm.so+0x92d270], sa_mask[0]=11111111011111111101111111111110, sa_flags=SA_RESTART|SA_SIGINFO
SIGQUIT: [libjvm.so+0x92d270], sa_mask[0]=11111111011111111101111111111110, sa_flags=SA_RESTART|SA_SIGINFO


---------------  S Y S T E M  ---------------

OS:DISTRIB_ID=Ubuntu
DISTRIB_RELEASE=18.04
DISTRIB_CODENAME=bionic
DISTRIB_DESCRIPTION="Ubuntu 18.04.5 LTS"

uname:Linux 4.15.0-122-generic #124-Ubuntu SMP Thu Oct 15 13:03:05 UTC 2020 x86_64
libc:glibc 2.27 NPTL 2.27 
rlimit: STACK 8192k, CORE 0k, NPROC 62896, NOFILE 1048576, AS infinity
load average:0,98 0,79 0,67

/proc/meminfo:
MemTotal:       16291380 kB
MemFree:         1129872 kB
MemAvailable:    7803216 kB
Buffers:         1360880 kB
Cached:          5332948 kB
SwapCached:            4 kB
Active:          7987560 kB
Inactive:        3864068 kB
Active(anon):    5147904 kB
Inactive(anon):   106056 kB
Active(file):    2839656 kB
Inactive(file):  3758012 kB
Unevictable:          96 kB
Mlocked:              96 kB
SwapTotal:       8388600 kB
SwapFree:        8388588 kB
Dirty:              1456 kB
Writeback:             0 kB
AnonPages:       5157916 kB
Mapped:           706080 kB
Shmem:            123968 kB
Slab:             517276 kB
SReclaimable:     412336 kB
SUnreclaim:       104940 kB
KernelStack:       12696 kB
PageTables:        68432 kB
NFS_Unstable:          0 kB
Bounce:                0 kB
WritebackTmp:          0 kB
CommitLimit:    16534288 kB
Committed_AS:   11679968 kB
VmallocTotal:   34359738367 kB
VmallocUsed:           0 kB
VmallocChunk:          0 kB
HardwareCorrupted:     0 kB
AnonHugePages:         0 kB
ShmemHugePages:        0 kB
ShmemPmdMapped:        0 kB
CmaTotal:              0 kB
CmaFree:               0 kB
HugePages_Total:       0
HugePages_Free:        0
HugePages_Rsvd:        0
HugePages_Surp:        0
Hugepagesize:       2048 kB
DirectMap4k:     3160832 kB
DirectMap2M:    12365824 kB
DirectMap1G:     1048576 kB


CPU:total 4 (initial active 4) (4 cores per cpu, 1 threads per core) family 21 model 101 stepping 1, cmov, cx8, fxsr, mmx, sse, sse2, sse3, ssse3, sse4.1, sse4.2, popcnt, avx, avx2, aes, clmul, mmxext, 3dnowpref, lzcnt, sse4a, tsc, tscinvbit, tscinv, bmi1

/proc/cpuinfo:
processor	: 0
vendor_id	: AuthenticAMD
cpu family	: 21
model		: 101
model name	: AMD PRO A8-9600 R7, 10 COMPUTE CORES 4C+6G
stepping	: 1
microcode	: 0x6006118
cpu MHz		: 1470.121
cache size	: 1024 KB
physical id	: 0
siblings	: 4
core id		: 0
cpu cores	: 2
apicid		: 16
initial apicid	: 0
fpu		: yes
fpu_exception	: yes
cpuid level	: 13
wp		: yes
flags		: fpu vme de pse tsc msr pae mce cx8 apic sep mtrr pge mca cmov pat pse36 clflush mmx fxsr sse sse2 ht syscall nx mmxext fxsr_opt pdpe1gb rdtscp lm constant_tsc rep_good acc_power nopl nonstop_tsc cpuid extd_apicid aperfmperf pni pclmulqdq monitor ssse3 fma cx16 sse4_1 sse4_2 movbe popcnt aes xsave avx f16c lahf_lm cmp_legacy svm extapic cr8_legacy abm sse4a misalignsse 3dnowprefetch osvw ibs xop skinit wdt lwp fma4 tce nodeid_msr tbm topoext perfctr_core perfctr_nb bpext ptsc mwaitx cpb hw_pstate ssbd vmmcall fsgsbase bmi1 avx2 smep bmi2 xsaveopt arat npt lbrv svm_lock nrip_save tsc_scale vmcb_clean flushbyasid decodeassists pausefilter pfthreshold avic v_vmsave_vmload vgif overflow_recov
bugs		: fxsave_leak sysret_ss_attrs null_seg spectre_v1 spectre_v2 spec_store_bypass
bogomips	: 6188.79
TLB size	: 1536 4K pages
clflush size	: 64
cache_alignment	: 64
address sizes	: 48 bits physical, 48 bits virtual
power management: ts ttp tm 100mhzsteps hwpstate cpb eff_freq_ro acc_power [13]

processor	: 1
vendor_id	: AuthenticAMD
cpu family	: 21
model		: 101
model name	: AMD PRO A8-9600 R7, 10 COMPUTE CORES 4C+6G
stepping	: 1
microcode	: 0x6006118
cpu MHz		: 1424.610
cache size	: 1024 KB
physical id	: 0
siblings	: 4
core id		: 1
cpu cores	: 2
apicid		: 17
initial apicid	: 1
fpu		: yes
fpu_exception	: yes
cpuid level	: 13
wp		: yes
flags		: fpu vme de pse tsc msr pae mce cx8 apic sep mtrr pge mca cmov pat pse36 clflush mmx fxsr sse sse2 ht syscall nx mmxext fxsr_opt pdpe1gb rdtscp lm constant_tsc rep_good acc_power nopl nonstop_tsc cpuid extd_apicid aperfmperf pni pclmulqdq monitor ssse3 fma cx16 sse4_1 sse4_2 movbe popcnt aes xsave avx f16c lahf_lm cmp_legacy svm extapic cr8_legacy abm sse4a misalignsse 3dnowprefetch osvw ibs xop skinit wdt lwp fma4 tce nodeid_msr tbm topoext perfctr_core perfctr_nb bpext ptsc mwaitx cpb hw_pstate ssbd vmmcall fsgsbase bmi1 avx2 smep bmi2 xsaveopt arat npt lbrv svm_lock nrip_save tsc_scale vmcb_clean flushbyasid decodeassists pausefilter pfthreshold avic v_vmsave_vmload vgif overflow_recov
bugs		: fxsave_leak sysret_ss_attrs null_seg spectre_v1 spectre_v2 spec_store_bypass
bogomips	: 6188.79
TLB size	: 1536 4K pages
clflush size	: 64
cache_alignment	: 64
address sizes	: 48 bits physical, 48 bits virtual
power management: ts ttp tm 100mhzsteps hwpstate cpb eff_freq_ro acc_power [13]

processor	: 2
vendor_id	: AuthenticAMD
cpu family	: 21
model		: 101
model name	: AMD PRO A8-9600 R7, 10 COMPUTE CORES 4C+6G
stepping	: 1
microcode	: 0x6006118
cpu MHz		: 1713.859
cache size	: 1024 KB
physical id	: 0
siblings	: 4
core id		: 2
cpu cores	: 2
apicid		: 18
initial apicid	: 2
fpu		: yes
fpu_exception	: yes
cpuid level	: 13
wp		: yes
flags		: fpu vme de pse tsc msr pae mce cx8 apic sep mtrr pge mca cmov pat pse36 clflush mmx fxsr sse sse2 ht syscall nx mmxext fxsr_opt pdpe1gb rdtscp lm constant_tsc rep_good acc_power nopl nonstop_tsc cpuid extd_apicid aperfmperf pni pclmulqdq monitor ssse3 fma cx16 sse4_1 sse4_2 movbe popcnt aes xsave avx f16c lahf_lm cmp_legacy svm extapic cr8_legacy abm sse4a misalignsse 3dnowprefetch osvw ibs xop skinit wdt lwp fma4 tce nodeid_msr tbm topoext perfctr_core perfctr_nb bpext ptsc mwaitx cpb hw_pstate ssbd vmmcall fsgsbase bmi1 avx2 smep bmi2 xsaveopt arat npt lbrv svm_lock nrip_save tsc_scale vmcb_clean flushbyasid decodeassists pausefilter pfthreshold avic v_vmsave_vmload vgif overflow_recov
bugs		: fxsave_leak sysret_ss_attrs null_seg spectre_v1 spectre_v2 spec_store_bypass
bogomips	: 6188.79
TLB size	: 1536 4K pages
clflush size	: 64
cache_alignment	: 64
address sizes	: 48 bits physical, 48 bits virtual
power management: ts ttp tm 100mhzsteps hwpstate cpb eff_freq_ro acc_power [13]

processor	: 3
vendor_id	: AuthenticAMD
cpu family	: 21
model		: 101
model name	: AMD PRO A8-9600 R7, 10 COMPUTE CORES 4C+6G
stepping	: 1
microcode	: 0x6006118
cpu MHz		: 2106.721
cache size	: 1024 KB
physical id	: 0
siblings	: 4
core id		: 3
cpu cores	: 2
apicid		: 19
initial apicid	: 3
fpu		: yes
fpu_exception	: yes
cpuid level	: 13
wp		: yes
flags		: fpu vme de pse tsc msr pae mce cx8 apic sep mtrr pge mca cmov pat pse36 clflush mmx fxsr sse sse2 ht syscall nx mmxext fxsr_opt pdpe1gb rdtscp lm constant_tsc rep_good acc_power nopl nonstop_tsc cpuid extd_apicid aperfmperf pni pclmulqdq monitor ssse3 fma cx16 sse4_1 sse4_2 movbe popcnt aes xsave avx f16c lahf_lm cmp_legacy svm extapic cr8_legacy abm sse4a misalignsse 3dnowprefetch osvw ibs xop skinit wdt lwp fma4 tce nodeid_msr tbm topoext perfctr_core perfctr_nb bpext ptsc mwaitx cpb hw_pstate ssbd vmmcall fsgsbase bmi1 avx2 smep bmi2 xsaveopt arat npt lbrv svm_lock nrip_save tsc_scale vmcb_clean flushbyasid decodeassists pausefilter pfthreshold avic v_vmsave_vmload vgif overflow_recov
bugs		: fxsave_leak sysret_ss_attrs null_seg spectre_v1 spectre_v2 spec_store_bypass
bogomips	: 6188.79
TLB size	: 1536 4K pages
clflush size	: 64
cache_alignment	: 64
address sizes	: 48 bits physical, 48 bits virtual
power management: ts ttp tm 100mhzsteps hwpstate cpb eff_freq_ro acc_power [13]



Memory: 4k page, physical 16291380k(1129872k free), swap 8388600k(8388588k free)

vm_info: Java HotSpot(TM) 64-Bit Server VM (25.181-b13) for linux-amd64 JRE (1.8.0_181-b13), built on Jul  7 2018 00:56:38 by "java_re" with gcc 4.3.0 20080428 (Red Hat 4.3.0-8)

time: Mon Nov 23 20:20:29 2020
elapsed time: 93 seconds (0d 0h 1m 33s)

